{"__type":"$$EventMessageAudit","id":"f98b2064-5e74-4e23-b7f9-e9f6e1c802f7","ts":"2026-04-29T11:18:58.988+00:00","eventName":"n8n.audit.workflow.created","message":"n8n.audit.workflow.created","payload":{"userId":"95cac012-de0b-45ac-9de6-70efd6544a12","_email":"varun.singh@vonage.com","_firstName":"Varun","_lastName":"Pratap Singh","globalRole":"global:owner","workflowId":"3As2HFzKcJmtaWQ4","workflowName":"vonage-ai-triage-nurse"}}
{"__type":"$$EventMessageConfirm","confirm":"f98b2064-5e74-4e23-b7f9-e9f6e1c802f7","ts":"2026-04-29T11:18:58.988+00:00","source":{"id":"0","name":"eventBus"}}
{"__type":"$$EventMessageAudit","id":"322735c8-eab7-4dcc-bb3d-4daf46d59e10","ts":"2026-04-29T11:19:00.704Z","eventName":"n8n.audit.workflow.activated","message":"n8n.audit.workflow.activated","payload":{"userId":"95cac012-de0b-45ac-9de6-70efd6544a12","_email":"varun.singh@vonage.com","_firstName":"Varun","_lastName":"Pratap Singh","globalRole":"global:owner","workflowId":"3As2HFzKcJmtaWQ4","workflowName":"vonage-ai-triage-nurse","activeVersionId":"598d543f-4a77-4ab8-b25f-e67f3adaef73"}}
{"__type":"$$EventMessageConfirm","confirm":"322735c8-eab7-4dcc-bb3d-4daf46d59e10","ts":"2026-04-29T11:19:00.704Z","source":{"id":"0","name":"eventBus"}}
{"__type":"$$EventMessageAudit","id":"c5af1e26-859a-489e-acbc-84975a677816","ts":"2026-04-29T11:23:16.661Z","eventName":"n8n.audit.workflow.executed","message":"n8n.audit.workflow.executed","payload":{"workflowId":"3As2HFzKcJmtaWQ4","workflowName":"vonage-ai-triage-nurse","executionId":"1","source":"webhook"}}
{"__type":"$$EventMessageConfirm","confirm":"c5af1e26-859a-489e-acbc-84975a677816","ts":"2026-04-29T11:23:16.661Z","source":{"id":"0","name":"eventBus"}}
{"__type":"$$EventMessageWorkflow","id":"eeb0a8ac-5c03-4fab-8c37-eeb2129be248","ts":"2026-04-29T11:23:16.662Z","eventName":"n8n.workflow.started","message":"n8n.workflow.started","payload":{"executionId":"1","workflowId":"3As2HFzKcJmtaWQ4","isManual":false,"mode":"webhook","workflowName":"vonage-ai-triage-nurse"}}
{"__type":"$$EventMessageConfirm","confirm":"eeb0a8ac-5c03-4fab-8c37-eeb2129be248","ts":"2026-04-29T11:23:16.662Z","source":{"id":"0","name":"eventBus"}}
{"__type":"$$EventMessageNode","id":"c4c3a204-a16d-4a88-9dad-25e709317298","ts":"2026-04-29T11:23:16.662Z","eventName":"n8n.node.started","message":"n8n.node.started","payload":{"workflowId":"3As2HFzKcJmtaWQ4","workflowName":"vonage-ai-triage-nurse","executionId":"1","nodeType":"n8n-nodes-base.webhook","nodeName":"Webhook Transcript","nodeId":"07a8b583-edbe-43a8-8cf6-dc5faefb2f07"}}
{"__type":"$$EventMessageConfirm","confirm":"c4c3a204-a16d-4a88-9dad-25e709317298","ts":"2026-04-29T11:23:16.662Z","source":{"id":"0","name":"eventBus"}}
{"__type":"$$EventMessageNode","id":"974d79d6-a94f-48c0-9444-5012ef4aa993","ts":"2026-04-29T11:23:16.662Z","eventName":"n8n.node.finished","message":"n8n.node.finished","payload":{"workflowId":"3As2HFzKcJmtaWQ4","workflowName":"vonage-ai-triage-nurse","executionId":"1","nodeType":"n8n-nodes-base.webhook","nodeName":"Webhook Transcript","nodeId":"07a8b583-edbe-43a8-8cf6-dc5faefb2f07"}}
{"__type":"$$EventMessageConfirm","confirm":"974d79d6-a94f-48c0-9444-5012ef4aa993","ts":"2026-04-29T11:23:16.662Z","source":{"id":"0","name":"eventBus"}}
{"__type":"$$EventMessageNode","id":"c65936bb-95b0-4613-a69c-a2ae2d4ddf59","ts":"2026-04-29T11:23:16.663Z","eventName":"n8n.node.started","message":"n8n.node.started","payload":{"workflowId":"3As2HFzKcJmtaWQ4","workflowName":"vonage-ai-triage-nurse","executionId":"1","nodeType":"n8n-nodes-base.respondToWebhook","nodeName":"Respond Transcript","nodeId":"24455b77-b4c2-4d83-a863-5646612dc316"}}
{"__type":"$$EventMessageConfirm","confirm":"c65936bb-95b0-4613-a69c-a2ae2d4ddf59","ts":"2026-04-29T11:23:16.663Z","source":{"id":"0","name":"eventBus"}}
{"__type":"$$EventMessageNode","id":"556a0bfd-cdc8-48f0-9bc6-4bd988b3df2c","ts":"2026-04-29T11:23:16.666Z","eventName":"n8n.node.finished","message":"n8n.node.finished","payload":{"workflowId":"3As2HFzKcJmtaWQ4","workflowName":"vonage-ai-triage-nurse","executionId":"1","nodeType":"n8n-nodes-base.respondToWebhook","nodeName":"Respond Transcript","nodeId":"24455b77-b4c2-4d83-a863-5646612dc316"}}
{"__type":"$$EventMessageConfirm","confirm":"556a0bfd-cdc8-48f0-9bc6-4bd988b3df2c","ts":"2026-04-29T11:23:16.666Z","source":{"id":"0","name":"eventBus"}}
{"__type":"$$EventMessageWorkflow","id":"38db16ba-84d6-4496-b3e1-65a2640f8fd1","ts":"2026-04-29T11:23:16.667Z","eventName":"n8n.workflow.success","message":"n8n.workflow.success","payload":{"executionId":"1","success":true,"isManual":false,"mode":"webhook","workflowId":"3As2HFzKcJmtaWQ4","workflowName":"vonage-ai-triage-nurse"}}
{"__type":"$$EventMessageConfirm","confirm":"38db16ba-84d6-4496-b3e1-65a2640f8fd1","ts":"2026-04-29T11:23:16.667Z","source":{"id":"0","name":"eventBus"}}
{"__type":"$$EventMessageAudit","id":"8304232e-3cc2-4ee9-8c2c-be2b616c9592","ts":"2026-04-29T11:23:37.280Z","eventName":"n8n.audit.workflow.executed","message":"n8n.audit.workflow.executed","payload":{"workflowId":"3As2HFzKcJmtaWQ4","workflowName":"vonage-ai-triage-nurse","executionId":"2","source":"webhook"}}
{"__type":"$$EventMessageConfirm","confirm":"8304232e-3cc2-4ee9-8c2c-be2b616c9592","ts":"2026-04-29T11:23:37.280Z","source":{"id":"0","name":"eventBus"}}
{"__type":"$$EventMessageWorkflow","id":"c1f9cf30-38d9-4965-8df6-79fb5d79c5d5","ts":"2026-04-29T11:23:37.280Z","eventName":"n8n.workflow.started","message":"n8n.workflow.started","payload":{"executionId":"2","workflowId":"3As2HFzKcJmtaWQ4","isManual":false,"mode":"webhook","workflowName":"vonage-ai-triage-nurse"}}
{"__type":"$$EventMessageConfirm","confirm":"c1f9cf30-38d9-4965-8df6-79fb5d79c5d5","ts":"2026-04-29T11:23:37.280Z","source":{"id":"0","name":"eventBus"}}
{"__type":"$$EventMessageNode","id":"415a352f-0bcb-4429-be96-6869c973c205","ts":"2026-04-29T11:23:37.280Z","eventName":"n8n.node.started","message":"n8n.node.started","payload":{"workflowId":"3As2HFzKcJmtaWQ4","workflowName":"vonage-ai-triage-nurse","executionId":"2","nodeType":"n8n-nodes-base.webhook","nodeName":"Webhook Transcript","nodeId":"07a8b583-edbe-43a8-8cf6-dc5faefb2f07"}}
{"__type":"$$EventMessageConfirm","confirm":"415a352f-0bcb-4429-be96-6869c973c205","ts":"2026-04-29T11:23:37.280Z","source":{"id":"0","name":"eventBus"}}
{"__type":"$$EventMessageNode","id":"5d57c97a-2e44-44bb-a4b0-5fd8dc7c81f1","ts":"2026-04-29T11:23:37.280Z","eventName":"n8n.node.finished","message":"n8n.node.finished","payload":{"workflowId":"3As2HFzKcJmtaWQ4","workflowName":"vonage-ai-triage-nurse","executionId":"2","nodeType":"n8n-nodes-base.webhook","nodeName":"Webhook Transcript","nodeId":"07a8b583-edbe-43a8-8cf6-dc5faefb2f07"}}
{"__type":"$$EventMessageConfirm","confirm":"5d57c97a-2e44-44bb-a4b0-5fd8dc7c81f1","ts":"2026-04-29T11:23:37.280Z","source":{"id":"0","name":"eventBus"}}
{"__type":"$$EventMessageNode","id":"a936b579-7f09-4235-8aae-b64613735ebe","ts":"2026-04-29T11:23:37.280Z","eventName":"n8n.node.started","message":"n8n.node.started","payload":{"workflowId":"3As2HFzKcJmtaWQ4","workflowName":"vonage-ai-triage-nurse","executionId":"2","nodeType":"n8n-nodes-base.respondToWebhook","nodeName":"Respond Transcript","nodeId":"24455b77-b4c2-4d83-a863-5646612dc316"}}
{"__type":"$$EventMessageConfirm","confirm":"a936b579-7f09-4235-8aae-b64613735ebe","ts":"2026-04-29T11:23:37.280Z","source":{"id":"0","name":"eventBus"}}
{"__type":"$$EventMessageNode","id":"45ca2413-9c56-4932-9bfb-d409d893de42","ts":"2026-04-29T11:23:37.281Z","eventName":"n8n.node.finished","message":"n8n.node.finished","payload":{"workflowId":"3As2HFzKcJmtaWQ4","workflowName":"vonage-ai-triage-nurse","executionId":"2","nodeType":"n8n-nodes-base.respondToWebhook","nodeName":"Respond Transcript","nodeId":"24455b77-b4c2-4d83-a863-5646612dc316"}}
{"__type":"$$EventMessageConfirm","confirm":"45ca2413-9c56-4932-9bfb-d409d893de42","ts":"2026-04-29T11:23:37.281Z","source":{"id":"0","name":"eventBus"}}
{"__type":"$$EventMessageWorkflow","id":"b26cec87-05f9-49f3-b660-9cab85be5499","ts":"2026-04-29T11:23:37.281Z","eventName":"n8n.workflow.success","message":"n8n.workflow.success","payload":{"executionId":"2","success":true,"isManual":false,"mode":"webhook","workflowId":"3As2HFzKcJmtaWQ4","workflowName":"vonage-ai-triage-nurse"}}
{"__type":"$$EventMessageConfirm","confirm":"b26cec87-05f9-49f3-b660-9cab85be5499","ts":"2026-04-29T11:23:37.281Z","source":{"id":"0","name":"eventBus"}}
{"__type":"$$EventMessageAudit","id":"7658cdc4-eeb7-49af-b862-ec3b8a7a42c2","ts":"2026-04-29T11:23:55.627Z","eventName":"n8n.audit.workflow.executed","message":"n8n.audit.workflow.executed","payload":{"workflowId":"3As2HFzKcJmtaWQ4","workflowName":"vonage-ai-triage-nurse","executionId":"3","source":"webhook"}}
{"__type":"$$EventMessageConfirm","confirm":"7658cdc4-eeb7-49af-b862-ec3b8a7a42c2","ts":"2026-04-29T11:23:55.627Z","source":{"id":"0","name":"eventBus"}}
{"__type":"$$EventMessageWorkflow","id":"17e96a2a-78ec-4412-877a-321c9e045dd5","ts":"2026-04-29T11:23:55.627Z","eventName":"n8n.workflow.started","message":"n8n.workflow.started","payload":{"executionId":"3","workflowId":"3As2HFzKcJmtaWQ4","isManual":false,"mode":"webhook","workflowName":"vonage-ai-triage-nurse"}}
{"__type":"$$EventMessageConfirm","confirm":"17e96a2a-78ec-4412-877a-321c9e045dd5","ts":"2026-04-29T11:23:55.628Z","source":{"id":"0","name":"eventBus"}}
{"__type":"$$EventMessageNode","id":"53574de5-23a4-4ad7-8367-bbfa6e8e9d9d","ts":"2026-04-29T11:23:55.628Z","eventName":"n8n.node.started","message":"n8n.node.started","payload":{"workflowId":"3As2HFzKcJmtaWQ4","workflowName":"vonage-ai-triage-nurse","executionId":"3","nodeType":"n8n-nodes-base.webhook","nodeName":"Webhook Transcript","nodeId":"07a8b583-edbe-43a8-8cf6-dc5faefb2f07"}}
{"__type":"$$EventMessageConfirm","confirm":"53574de5-23a4-4ad7-8367-bbfa6e8e9d9d","ts":"2026-04-29T11:23:55.628Z","source":{"id":"0","name":"eventBus"}}
{"__type":"$$EventMessageNode","id":"4ae29b84-c0f4-44aa-9956-159d201ba54a","ts":"2026-04-29T11:23:55.628Z","eventName":"n8n.node.finished","message":"n8n.node.finished","payload":{"workflowId":"3As2HFzKcJmtaWQ4","workflowName":"vonage-ai-triage-nurse","executionId":"3","nodeType":"n8n-nodes-base.webhook","nodeName":"Webhook Transcript","nodeId":"07a8b583-edbe-43a8-8cf6-dc5faefb2f07"}}
{"__type":"$$EventMessageConfirm","confirm":"4ae29b84-c0f4-44aa-9956-159d201ba54a","ts":"2026-04-29T11:23:55.628Z","source":{"id":"0","name":"eventBus"}}
{"__type":"$$EventMessageNode","id":"520dd0e4-3456-427f-b631-5f1eb00ae9a2","ts":"2026-04-29T11:23:55.628Z","eventName":"n8n.node.started","message":"n8n.node.started","payload":{"workflowId":"3As2HFzKcJmtaWQ4","workflowName":"vonage-ai-triage-nurse","executionId":"3","nodeType":"n8n-nodes-base.respondToWebhook","nodeName":"Respond Transcript","nodeId":"24455b77-b4c2-4d83-a863-5646612dc316"}}
{"__type":"$$EventMessageConfirm","confirm":"520dd0e4-3456-427f-b631-5f1eb00ae9a2","ts":"2026-04-29T11:23:55.628Z","source":{"id":"0","name":"eventBus"}}
{"__type":"$$EventMessageNode","id":"669c802c-97df-494d-878f-4667a94793b0","ts":"2026-04-29T11:23:55.628Z","eventName":"n8n.node.finished","message":"n8n.node.finished","payload":{"workflowId":"3As2HFzKcJmtaWQ4","workflowName":"vonage-ai-triage-nurse","executionId":"3","nodeType":"n8n-nodes-base.respondToWebhook","nodeName":"Respond Transcript","nodeId":"24455b77-b4c2-4d83-a863-5646612dc316"}}
{"__type":"$$EventMessageConfirm","confirm":"669c802c-97df-494d-878f-4667a94793b0","ts":"2026-04-29T11:23:55.628Z","source":{"id":"0","name":"eventBus"}}
{"__type":"$$EventMessageWorkflow","id":"8ed03fe8-7ac7-48ca-9b72-4b5c053bda4d","ts":"2026-04-29T11:23:55.628Z","eventName":"n8n.workflow.success","message":"n8n.workflow.success","payload":{"executionId":"3","success":true,"isManual":false,"mode":"webhook","workflowId":"3As2HFzKcJmtaWQ4","workflowName":"vonage-ai-triage-nurse"}}
{"__type":"$$EventMessageConfirm","confirm":"8ed03fe8-7ac7-48ca-9b72-4b5c053bda4d","ts":"2026-04-29T11:23:55.629Z","source":{"id":"0","name":"eventBus"}}
{"__type":"$$EventMessageAudit","id":"c9617204-2981-4c61-9ef4-add81b8e6630","ts":"2026-04-29T11:24:21.664Z","eventName":"n8n.audit.workflow.executed","message":"n8n.audit.workflow.executed","payload":{"workflowId":"3As2HFzKcJmtaWQ4","workflowName":"vonage-ai-triage-nurse","executionId":"4","source":"webhook"}}
{"__type":"$$EventMessageConfirm","confirm":"c9617204-2981-4c61-9ef4-add81b8e6630","ts":"2026-04-29T11:24:21.664Z","source":{"id":"0","name":"eventBus"}}
{"__type":"$$EventMessageWorkflow","id":"7c479a2d-57ec-4752-9a21-5d87e2235e16","ts":"2026-04-29T11:24:21.664Z","eventName":"n8n.workflow.started","message":"n8n.workflow.started","payload":{"executionId":"4","workflowId":"3As2HFzKcJmtaWQ4","isManual":false,"mode":"webhook","workflowName":"vonage-ai-triage-nurse"}}
{"__type":"$$EventMessageConfirm","confirm":"7c479a2d-57ec-4752-9a21-5d87e2235e16","ts":"2026-04-29T11:24:21.664Z","source":{"id":"0","name":"eventBus"}}
{"__type":"$$EventMessageNode","id":"ce659f95-9d7c-4c97-a047-86520ef14eca","ts":"2026-04-29T11:24:21.664Z","eventName":"n8n.node.started","message":"n8n.node.started","payload":{"workflowId":"3As2HFzKcJmtaWQ4","workflowName":"vonage-ai-triage-nurse","executionId":"4","nodeType":"n8n-nodes-base.webhook","nodeName":"Webhook Transcript","nodeId":"07a8b583-edbe-43a8-8cf6-dc5faefb2f07"}}
{"__type":"$$EventMessageConfirm","confirm":"ce659f95-9d7c-4c97-a047-86520ef14eca","ts":"2026-04-29T11:24:21.664Z","source":{"id":"0","name":"eventBus"}}
{"__type":"$$EventMessageNode","id":"0d96f81c-0028-4452-83ea-02c633b445cb","ts":"2026-04-29T11:24:21.664Z","eventName":"n8n.node.finished","message":"n8n.node.finished","payload":{"workflowId":"3As2HFzKcJmtaWQ4","workflowName":"vonage-ai-triage-nurse","executionId":"4","nodeType":"n8n-nodes-base.webhook","nodeName":"Webhook Transcript","nodeId":"07a8b583-edbe-43a8-8cf6-dc5faefb2f07"}}
{"__type":"$$EventMessageConfirm","confirm":"0d96f81c-0028-4452-83ea-02c633b445cb","ts":"2026-04-29T11:24:21.664Z","source":{"id":"0","name":"eventBus"}}
{"__type":"$$EventMessageNode","id":"be77de00-e137-410a-a3ab-649bd562bf42","ts":"2026-04-29T11:24:21.664Z","eventName":"n8n.node.started","message":"n8n.node.started","payload":{"workflowId":"3As2HFzKcJmtaWQ4","workflowName":"vonage-ai-triage-nurse","executionId":"4","nodeType":"n8n-nodes-base.respondToWebhook","nodeName":"Respond Transcript","nodeId":"24455b77-b4c2-4d83-a863-5646612dc316"}}
{"__type":"$$EventMessageConfirm","confirm":"be77de00-e137-410a-a3ab-649bd562bf42","ts":"2026-04-29T11:24:21.664Z","source":{"id":"0","name":"eventBus"}}
{"__type":"$$EventMessageNode","id":"eb255e6a-48bf-4d4d-a2f8-a606fb13ef4b","ts":"2026-04-29T11:24:21.665Z","eventName":"n8n.node.finished","message":"n8n.node.finished","payload":{"workflowId":"3As2HFzKcJmtaWQ4","workflowName":"vonage-ai-triage-nurse","executionId":"4","nodeType":"n8n-nodes-base.respondToWebhook","nodeName":"Respond Transcript","nodeId":"24455b77-b4c2-4d83-a863-5646612dc316"}}
{"__type":"$$EventMessageConfirm","confirm":"eb255e6a-48bf-4d4d-a2f8-a606fb13ef4b","ts":"2026-04-29T11:24:21.665Z","source":{"id":"0","name":"eventBus"}}
{"__type":"$$EventMessageWorkflow","id":"e46a4fea-105c-4bda-8120-38f5aad62877","ts":"2026-04-29T11:24:21.665Z","eventName":"n8n.workflow.success","message":"n8n.workflow.success","payload":{"executionId":"4","success":true,"isManual":false,"mode":"webhook","workflowId":"3As2HFzKcJmtaWQ4","workflowName":"vonage-ai-triage-nurse"}}
{"__type":"$$EventMessageConfirm","confirm":"e46a4fea-105c-4bda-8120-38f5aad62877","ts":"2026-04-29T11:24:21.665Z","source":{"id":"0","name":"eventBus"}}
{"__type":"$$EventMessageAudit","id":"a5142008-1132-4ecf-b4de-17e39d78166e","ts":"2026-04-29T11:24:23.660Z","eventName":"n8n.audit.workflow.executed","message":"n8n.audit.workflow.executed","payload":{"workflowId":"3As2HFzKcJmtaWQ4","workflowName":"vonage-ai-triage-nurse","executionId":"5","source":"webhook"}}
{"__type":"$$EventMessageConfirm","confirm":"a5142008-1132-4ecf-b4de-17e39d78166e","ts":"2026-04-29T11:24:23.660Z","source":{"id":"0","name":"eventBus"}}
{"__type":"$$EventMessageWorkflow","id":"e751e441-068b-4799-be4f-46c97a32041b","ts":"2026-04-29T11:24:23.661Z","eventName":"n8n.workflow.started","message":"n8n.workflow.started","payload":{"executionId":"5","workflowId":"3As2HFzKcJmtaWQ4","isManual":false,"mode":"webhook","workflowName":"vonage-ai-triage-nurse"}}
{"__type":"$$EventMessageConfirm","confirm":"e751e441-068b-4799-be4f-46c97a32041b","ts":"2026-04-29T11:24:23.661Z","source":{"id":"0","name":"eventBus"}}
{"__type":"$$EventMessageNode","id":"28824a08-86f7-46eb-a421-24917d70e5f5","ts":"2026-04-29T11:24:23.661Z","eventName":"n8n.node.started","message":"n8n.node.started","payload":{"workflowId":"3As2HFzKcJmtaWQ4","workflowName":"vonage-ai-triage-nurse","executionId":"5","nodeType":"n8n-nodes-base.webhook","nodeName":"Webhook Availability","nodeId":"1502a128-327d-4789-a304-c4261f9bee91"}}
{"__type":"$$EventMessageConfirm","confirm":"28824a08-86f7-46eb-a421-24917d70e5f5","ts":"2026-04-29T11:24:23.661Z","source":{"id":"0","name":"eventBus"}}
{"__type":"$$EventMessageNode","id":"5051a487-8774-42a8-a614-2f05e0885db5","ts":"2026-04-29T11:24:23.661Z","eventName":"n8n.node.finished","message":"n8n.node.finished","payload":{"workflowId":"3As2HFzKcJmtaWQ4","workflowName":"vonage-ai-triage-nurse","executionId":"5","nodeType":"n8n-nodes-base.webhook","nodeName":"Webhook Availability","nodeId":"1502a128-327d-4789-a304-c4261f9bee91"}}
{"__type":"$$EventMessageConfirm","confirm":"5051a487-8774-42a8-a614-2f05e0885db5","ts":"2026-04-29T11:24:23.661Z","source":{"id":"0","name":"eventBus"}}
{"__type":"$$EventMessageNode","id":"074b1cce-e428-4a33-a4ab-95cd4c3f4740","ts":"2026-04-29T11:24:23.661Z","eventName":"n8n.node.started","message":"n8n.node.started","payload":{"workflowId":"3As2HFzKcJmtaWQ4","workflowName":"vonage-ai-triage-nurse","executionId":"5","nodeType":"n8n-nodes-base.respondToWebhook","nodeName":"Respond Availability","nodeId":"8f2951b9-2c23-4781-9832-82e4c3cd4580"}}
{"__type":"$$EventMessageConfirm","confirm":"074b1cce-e428-4a33-a4ab-95cd4c3f4740","ts":"2026-04-29T11:24:23.661Z","source":{"id":"0","name":"eventBus"}}
{"__type":"$$EventMessageNode","id":"fdd03786-6781-4c40-b1d4-9c51abb38a18","ts":"2026-04-29T11:24:23.668Z","eventName":"n8n.node.finished","message":"n8n.node.finished","payload":{"workflowId":"3As2HFzKcJmtaWQ4","workflowName":"vonage-ai-triage-nurse","executionId":"5","nodeType":"n8n-nodes-base.respondToWebhook","nodeName":"Respond Availability","nodeId":"8f2951b9-2c23-4781-9832-82e4c3cd4580"}}
{"__type":"$$EventMessageConfirm","confirm":"fdd03786-6781-4c40-b1d4-9c51abb38a18","ts":"2026-04-29T11:24:23.668Z","source":{"id":"0","name":"eventBus"}}
{"__type":"$$EventMessageWorkflow","id":"d6548461-de98-4d39-a511-6754ab48576f","ts":"2026-04-29T11:24:23.669Z","eventName":"n8n.workflow.success","message":"n8n.workflow.success","payload":{"executionId":"5","success":true,"isManual":false,"mode":"webhook","workflowId":"3As2HFzKcJmtaWQ4","workflowName":"vonage-ai-triage-nurse"}}
{"__type":"$$EventMessageConfirm","confirm":"d6548461-de98-4d39-a511-6754ab48576f","ts":"2026-04-29T11:24:23.669Z","source":{"id":"0","name":"eventBus"}}
{"__type":"$$EventMessageAudit","id":"bf9be057-33a7-4185-873a-62e5edeb05eb","ts":"2026-04-29T11:24:47.507Z","eventName":"n8n.audit.workflow.executed","message":"n8n.audit.workflow.executed","payload":{"workflowId":"3As2HFzKcJmtaWQ4","workflowName":"vonage-ai-triage-nurse","executionId":"6","source":"webhook"}}
{"__type":"$$EventMessageConfirm","confirm":"bf9be057-33a7-4185-873a-62e5edeb05eb","ts":"2026-04-29T11:24:47.507Z","source":{"id":"0","name":"eventBus"}}
{"__type":"$$EventMessageWorkflow","id":"375444a4-5d0e-4ccf-b620-d0bb2b60b770","ts":"2026-04-29T11:24:47.507Z","eventName":"n8n.workflow.started","message":"n8n.workflow.started","payload":{"executionId":"6","workflowId":"3As2HFzKcJmtaWQ4","isManual":false,"mode":"webhook","workflowName":"vonage-ai-triage-nurse"}}
{"__type":"$$EventMessageConfirm","confirm":"375444a4-5d0e-4ccf-b620-d0bb2b60b770","ts":"2026-04-29T11:24:47.507Z","source":{"id":"0","name":"eventBus"}}
{"__type":"$$EventMessageNode","id":"c34d13af-06bd-47af-bf98-7db430fe5751","ts":"2026-04-29T11:24:47.507Z","eventName":"n8n.node.started","message":"n8n.node.started","payload":{"workflowId":"3As2HFzKcJmtaWQ4","workflowName":"vonage-ai-triage-nurse","executionId":"6","nodeType":"n8n-nodes-base.webhook","nodeName":"Webhook Transcript","nodeId":"07a8b583-edbe-43a8-8cf6-dc5faefb2f07"}}
{"__type":"$$EventMessageConfirm","confirm":"c34d13af-06bd-47af-bf98-7db430fe5751","ts":"2026-04-29T11:24:47.507Z","source":{"id":"0","name":"eventBus"}}
{"__type":"$$EventMessageNode","id":"3f80bc09-dcdc-4f4f-b62e-bb0299c09fb3","ts":"2026-04-29T11:24:47.507Z","eventName":"n8n.node.finished","message":"n8n.node.finished","payload":{"workflowId":"3As2HFzKcJmtaWQ4","workflowName":"vonage-ai-triage-nurse","executionId":"6","nodeType":"n8n-nodes-base.webhook","nodeName":"Webhook Transcript","nodeId":"07a8b583-edbe-43a8-8cf6-dc5faefb2f07"}}
{"__type":"$$EventMessageConfirm","confirm":"3f80bc09-dcdc-4f4f-b62e-bb0299c09fb3","ts":"2026-04-29T11:24:47.507Z","source":{"id":"0","name":"eventBus"}}
{"__type":"$$EventMessageNode","id":"97c5fbe4-f1c5-463e-8f5b-6c2b0ecffa4b","ts":"2026-04-29T11:24:47.507Z","eventName":"n8n.node.started","message":"n8n.node.started","payload":{"workflowId":"3As2HFzKcJmtaWQ4","workflowName":"vonage-ai-triage-nurse","executionId":"6","nodeType":"n8n-nodes-base.respondToWebhook","nodeName":"Respond Transcript","nodeId":"24455b77-b4c2-4d83-a863-5646612dc316"}}
{"__type":"$$EventMessageConfirm","confirm":"97c5fbe4-f1c5-463e-8f5b-6c2b0ecffa4b","ts":"2026-04-29T11:24:47.507Z","source":{"id":"0","name":"eventBus"}}
{"__type":"$$EventMessageNode","id":"fbb2f921-3d10-4c4e-8cb0-7c471b71eb33","ts":"2026-04-29T11:24:47.507Z","eventName":"n8n.node.finished","message":"n8n.node.finished","payload":{"workflowId":"3As2HFzKcJmtaWQ4","workflowName":"vonage-ai-triage-nurse","executionId":"6","nodeType":"n8n-nodes-base.respondToWebhook","nodeName":"Respond Transcript","nodeId":"24455b77-b4c2-4d83-a863-5646612dc316"}}
{"__type":"$$EventMessageConfirm","confirm":"fbb2f921-3d10-4c4e-8cb0-7c471b71eb33","ts":"2026-04-29T11:24:47.507Z","source":{"id":"0","name":"eventBus"}}
{"__type":"$$EventMessageWorkflow","id":"ca54170c-ea8c-4438-a5ae-d654be1190c5","ts":"2026-04-29T11:24:47.508Z","eventName":"n8n.workflow.success","message":"n8n.workflow.success","payload":{"executionId":"6","success":true,"isManual":false,"mode":"webhook","workflowId":"3As2HFzKcJmtaWQ4","workflowName":"vonage-ai-triage-nurse"}}
{"__type":"$$EventMessageConfirm","confirm":"ca54170c-ea8c-4438-a5ae-d654be1190c5","ts":"2026-04-29T11:24:47.508Z","source":{"id":"0","name":"eventBus"}}
{"__type":"$$EventMessageAudit","id":"41034905-fed7-407d-97bd-2cb7394dd875","ts":"2026-04-29T11:24:49.033Z","eventName":"n8n.audit.workflow.executed","message":"n8n.audit.workflow.executed","payload":{"workflowId":"3As2HFzKcJmtaWQ4","workflowName":"vonage-ai-triage-nurse","executionId":"7","source":"webhook"}}
{"__type":"$$EventMessageConfirm","confirm":"41034905-fed7-407d-97bd-2cb7394dd875","ts":"2026-04-29T11:24:49.033Z","source":{"id":"0","name":"eventBus"}}
{"__type":"$$EventMessageWorkflow","id":"69cc6b90-dc45-490c-92f5-5dcafa7f7b66","ts":"2026-04-29T11:24:49.033Z","eventName":"n8n.workflow.started","message":"n8n.workflow.started","payload":{"executionId":"7","workflowId":"3As2HFzKcJmtaWQ4","isManual":false,"mode":"webhook","workflowName":"vonage-ai-triage-nurse"}}
{"__type":"$$EventMessageConfirm","confirm":"69cc6b90-dc45-490c-92f5-5dcafa7f7b66","ts":"2026-04-29T11:24:49.033Z","source":{"id":"0","name":"eventBus"}}
{"__type":"$$EventMessageNode","id":"e545176a-1e78-47e4-aa88-b21744778ae8","ts":"2026-04-29T11:24:49.033Z","eventName":"n8n.node.started","message":"n8n.node.started","payload":{"workflowId":"3As2HFzKcJmtaWQ4","workflowName":"vonage-ai-triage-nurse","executionId":"7","nodeType":"n8n-nodes-base.webhook","nodeName":"Webhook Schedule","nodeId":"9e75eb9b-5e71-4b5b-a256-ec5017043f44"}}
{"__type":"$$EventMessageConfirm","confirm":"e545176a-1e78-47e4-aa88-b21744778ae8","ts":"2026-04-29T11:24:49.033Z","source":{"id":"0","name":"eventBus"}}
{"__type":"$$EventMessageNode","id":"f6f19692-af9f-4576-8640-9f9427384d64","ts":"2026-04-29T11:24:49.033Z","eventName":"n8n.node.finished","message":"n8n.node.finished","payload":{"workflowId":"3As2HFzKcJmtaWQ4","workflowName":"vonage-ai-triage-nurse","executionId":"7","nodeType":"n8n-nodes-base.webhook","nodeName":"Webhook Schedule","nodeId":"9e75eb9b-5e71-4b5b-a256-ec5017043f44"}}
{"__type":"$$EventMessageConfirm","confirm":"f6f19692-af9f-4576-8640-9f9427384d64","ts":"2026-04-29T11:24:49.033Z","source":{"id":"0","name":"eventBus"}}
{"__type":"$$EventMessageNode","id":"7dfab232-59f3-419b-874d-9001b988a929","ts":"2026-04-29T11:24:49.033Z","eventName":"n8n.node.started","message":"n8n.node.started","payload":{"workflowId":"3As2HFzKcJmtaWQ4","workflowName":"vonage-ai-triage-nurse","executionId":"7","nodeType":"n8n-nodes-base.respondToWebhook","nodeName":"Respond Schedule","nodeId":"cc505e84-d9bd-41df-9477-f4e92d38b82f"}}
{"__type":"$$EventMessageConfirm","confirm":"7dfab232-59f3-419b-874d-9001b988a929","ts":"2026-04-29T11:24:49.033Z","source":{"id":"0","name":"eventBus"}}
{"__type":"$$EventMessageNode","id":"3cd21e14-0b75-4d0d-b920-93358957a35d","ts":"2026-04-29T11:24:49.040Z","eventName":"n8n.node.finished","message":"n8n.node.finished","payload":{"workflowId":"3As2HFzKcJmtaWQ4","workflowName":"vonage-ai-triage-nurse","executionId":"7","nodeType":"n8n-nodes-base.respondToWebhook","nodeName":"Respond Schedule","nodeId":"cc505e84-d9bd-41df-9477-f4e92d38b82f"}}
{"__type":"$$EventMessageConfirm","confirm":"3cd21e14-0b75-4d0d-b920-93358957a35d","ts":"2026-04-29T11:24:49.040Z","source":{"id":"0","name":"eventBus"}}
{"__type":"$$EventMessageWorkflow","id":"283e04f0-e787-413a-b65d-8c283756f517","ts":"2026-04-29T11:24:49.041Z","eventName":"n8n.workflow.success","message":"n8n.workflow.success","payload":{"executionId":"7","success":true,"isManual":false,"mode":"webhook","workflowId":"3As2HFzKcJmtaWQ4","workflowName":"vonage-ai-triage-nurse"}}
{"__type":"$$EventMessageConfirm","confirm":"283e04f0-e787-413a-b65d-8c283756f517","ts":"2026-04-29T11:24:49.041Z","source":{"id":"0","name":"eventBus"}}
{"__type":"$$EventMessageAudit","id":"d4b87a65-e34e-4177-9f19-6901845a6c03","ts":"2026-04-29T11:24:49.060Z","eventName":"n8n.audit.workflow.executed","message":"n8n.audit.workflow.executed","payload":{"workflowId":"3As2HFzKcJmtaWQ4","workflowName":"vonage-ai-triage-nurse","executionId":"8","source":"webhook"}}
{"__type":"$$EventMessageConfirm","confirm":"d4b87a65-e34e-4177-9f19-6901845a6c03","ts":"2026-04-29T11:24:49.060Z","source":{"id":"0","name":"eventBus"}}
{"__type":"$$EventMessageWorkflow","id":"6d6944ec-d06d-47af-8d4f-2e9424b80e28","ts":"2026-04-29T11:24:49.061Z","eventName":"n8n.workflow.started","message":"n8n.workflow.started","payload":{"executionId":"8","workflowId":"3As2HFzKcJmtaWQ4","isManual":false,"mode":"webhook","workflowName":"vonage-ai-triage-nurse"}}
{"__type":"$$EventMessageConfirm","confirm":"6d6944ec-d06d-47af-8d4f-2e9424b80e28","ts":"2026-04-29T11:24:49.061Z","source":{"id":"0","name":"eventBus"}}
{"__type":"$$EventMessageNode","id":"8020b4b0-3f01-4ffd-94ce-1a6796e398b6","ts":"2026-04-29T11:24:49.061Z","eventName":"n8n.node.started","message":"n8n.node.started","payload":{"workflowId":"3As2HFzKcJmtaWQ4","workflowName":"vonage-ai-triage-nurse","executionId":"8","nodeType":"n8n-nodes-base.webhook","nodeName":"Webhook SMS","nodeId":"b151229e-3664-4761-8636-d88658927c4d"}}
{"__type":"$$EventMessageConfirm","confirm":"8020b4b0-3f01-4ffd-94ce-1a6796e398b6","ts":"2026-04-29T11:24:49.061Z","source":{"id":"0","name":"eventBus"}}
{"__type":"$$EventMessageNode","id":"1578fa59-1475-475e-8bde-346a14b781e2","ts":"2026-04-29T11:24:49.061Z","eventName":"n8n.node.finished","message":"n8n.node.finished","payload":{"workflowId":"3As2HFzKcJmtaWQ4","workflowName":"vonage-ai-triage-nurse","executionId":"8","nodeType":"n8n-nodes-base.webhook","nodeName":"Webhook SMS","nodeId":"b151229e-3664-4761-8636-d88658927c4d"}}
{"__type":"$$EventMessageConfirm","confirm":"1578fa59-1475-475e-8bde-346a14b781e2","ts":"2026-04-29T11:24:49.061Z","source":{"id":"0","name":"eventBus"}}
{"__type":"$$EventMessageNode","id":"b6af211d-0518-439f-8d5c-a4f4bf5cc12d","ts":"2026-04-29T11:24:49.061Z","eventName":"n8n.node.started","message":"n8n.node.started","payload":{"workflowId":"3As2HFzKcJmtaWQ4","workflowName":"vonage-ai-triage-nurse","executionId":"8","nodeType":"n8n-nodes-base.httpRequest","nodeName":"Send SMS via Vonage","nodeId":"4edafd61-0afa-4b73-a9c0-8971bc397ff5"}}
{"__type":"$$EventMessageConfirm","confirm":"b6af211d-0518-439f-8d5c-a4f4bf5cc12d","ts":"2026-04-29T11:24:49.061Z","source":{"id":"0","name":"eventBus"}}
{"__type":"$$EventMessageNode","id":"d0f58170-3f30-40a6-b605-1fdff0109e98","ts":"2026-04-29T11:24:49.073Z","eventName":"n8n.node.finished","message":"n8n.node.finished","payload":{"workflowId":"3As2HFzKcJmtaWQ4","workflowName":"vonage-ai-triage-nurse","executionId":"8","nodeType":"n8n-nodes-base.httpRequest","nodeName":"Send SMS via Vonage","nodeId":"4edafd61-0afa-4b73-a9c0-8971bc397ff5"}}
{"__type":"$$EventMessageConfirm","confirm":"d0f58170-3f30-40a6-b605-1fdff0109e98","ts":"2026-04-29T11:24:49.073Z","source":{"id":"0","name":"eventBus"}}
{"__type":"$$EventMessageWorkflow","id":"cc2f871b-4b22-4683-b9e8-a22b3bb61a55","ts":"2026-04-29T11:24:49.073Z","eventName":"n8n.workflow.failed","message":"n8n.workflow.failed","payload":{"executionId":"8","success":false,"isManual":false,"mode":"webhook","workflowId":"3As2HFzKcJmtaWQ4","workflowName":"vonage-ai-triage-nurse","lastNodeExecuted":"Send SMS via Vonage","errorMessage":"access to env vars denied"}}
{"__type":"$$EventMessageConfirm","confirm":"cc2f871b-4b22-4683-b9e8-a22b3bb61a55","ts":"2026-04-29T11:24:49.073Z","source":{"id":"0","name":"eventBus"}}
{"__type":"$$EventMessageAudit","id":"3a71d968-e1ed-4e00-a9f3-e4708bdef2fa","ts":"2026-04-29T11:24:50.215Z","eventName":"n8n.audit.workflow.executed","message":"n8n.audit.workflow.executed","payload":{"workflowId":"3As2HFzKcJmtaWQ4","workflowName":"vonage-ai-triage-nurse","executionId":"9","source":"webhook"}}
{"__type":"$$EventMessageConfirm","confirm":"3a71d968-e1ed-4e00-a9f3-e4708bdef2fa","ts":"2026-04-29T11:24:50.215Z","source":{"id":"0","name":"eventBus"}}
{"__type":"$$EventMessageWorkflow","id":"c5b24fbd-c852-428f-bbd9-1ed9e30684d7","ts":"2026-04-29T11:24:50.215Z","eventName":"n8n.workflow.started","message":"n8n.workflow.started","payload":{"executionId":"9","workflowId":"3As2HFzKcJmtaWQ4","isManual":false,"mode":"webhook","workflowName":"vonage-ai-triage-nurse"}}
{"__type":"$$EventMessageConfirm","confirm":"c5b24fbd-c852-428f-bbd9-1ed9e30684d7","ts":"2026-04-29T11:24:50.215Z","source":{"id":"0","name":"eventBus"}}
{"__type":"$$EventMessageNode","id":"06f62a11-20bb-483c-b634-a6fce3c51f6f","ts":"2026-04-29T11:24:50.215Z","eventName":"n8n.node.started","message":"n8n.node.started","payload":{"workflowId":"3As2HFzKcJmtaWQ4","workflowName":"vonage-ai-triage-nurse","executionId":"9","nodeType":"n8n-nodes-base.webhook","nodeName":"Webhook Doctor Notify","nodeId":"591774a3-48f7-4445-a2e8-167f95c3af8b"}}
{"__type":"$$EventMessageConfirm","confirm":"06f62a11-20bb-483c-b634-a6fce3c51f6f","ts":"2026-04-29T11:24:50.215Z","source":{"id":"0","name":"eventBus"}}
{"__type":"$$EventMessageNode","id":"e4b4225e-308c-4e74-9c8d-1979ae566d39","ts":"2026-04-29T11:24:50.215Z","eventName":"n8n.node.finished","message":"n8n.node.finished","payload":{"workflowId":"3As2HFzKcJmtaWQ4","workflowName":"vonage-ai-triage-nurse","executionId":"9","nodeType":"n8n-nodes-base.webhook","nodeName":"Webhook Doctor Notify","nodeId":"591774a3-48f7-4445-a2e8-167f95c3af8b"}}
{"__type":"$$EventMessageConfirm","confirm":"e4b4225e-308c-4e74-9c8d-1979ae566d39","ts":"2026-04-29T11:24:50.215Z","source":{"id":"0","name":"eventBus"}}
{"__type":"$$EventMessageNode","id":"a051c074-1b65-4fb0-a922-d3e8dd420ba2","ts":"2026-04-29T11:24:50.215Z","eventName":"n8n.node.started","message":"n8n.node.started","payload":{"workflowId":"3As2HFzKcJmtaWQ4","workflowName":"vonage-ai-triage-nurse","executionId":"9","nodeType":"n8n-nodes-base.respondToWebhook","nodeName":"Respond Doctor Notify","nodeId":"fc9fd104-fdf8-44c3-a4dd-19a0a2a81f4b"}}
{"__type":"$$EventMessageConfirm","confirm":"a051c074-1b65-4fb0-a922-d3e8dd420ba2","ts":"2026-04-29T11:24:50.215Z","source":{"id":"0","name":"eventBus"}}
{"__type":"$$EventMessageNode","id":"015ca197-822d-4ecd-b259-f38d4af131a6","ts":"2026-04-29T11:24:50.221Z","eventName":"n8n.node.finished","message":"n8n.node.finished","payload":{"workflowId":"3As2HFzKcJmtaWQ4","workflowName":"vonage-ai-triage-nurse","executionId":"9","nodeType":"n8n-nodes-base.respondToWebhook","nodeName":"Respond Doctor Notify","nodeId":"fc9fd104-fdf8-44c3-a4dd-19a0a2a81f4b"}}
{"__type":"$$EventMessageConfirm","confirm":"015ca197-822d-4ecd-b259-f38d4af131a6","ts":"2026-04-29T11:24:50.221Z","source":{"id":"0","name":"eventBus"}}
{"__type":"$$EventMessageWorkflow","id":"87bfc171-5775-4233-963e-eb1392f0fd04","ts":"2026-04-29T11:24:50.221Z","eventName":"n8n.workflow.success","message":"n8n.workflow.success","payload":{"executionId":"9","success":true,"isManual":false,"mode":"webhook","workflowId":"3As2HFzKcJmtaWQ4","workflowName":"vonage-ai-triage-nurse"}}
{"__type":"$$EventMessageConfirm","confirm":"87bfc171-5775-4233-963e-eb1392f0fd04","ts":"2026-04-29T11:24:50.221Z","source":{"id":"0","name":"eventBus"}}
{"__type":"$$EventMessageAudit","id":"78196ba6-f681-4039-9997-f1a15599cd69","ts":"2026-04-29T11:24:50.251Z","eventName":"n8n.audit.workflow.executed","message":"n8n.audit.workflow.executed","payload":{"workflowId":"3As2HFzKcJmtaWQ4","workflowName":"vonage-ai-triage-nurse","executionId":"10","source":"webhook"}}
{"__type":"$$EventMessageConfirm","confirm":"78196ba6-f681-4039-9997-f1a15599cd69","ts":"2026-04-29T11:24:50.251Z","source":{"id":"0","name":"eventBus"}}
{"__type":"$$EventMessageWorkflow","id":"a83bf9f3-70a4-429f-b22c-c96d652a0d9b","ts":"2026-04-29T11:24:50.251Z","eventName":"n8n.workflow.started","message":"n8n.workflow.started","payload":{"executionId":"10","workflowId":"3As2HFzKcJmtaWQ4","isManual":false,"mode":"webhook","workflowName":"vonage-ai-triage-nurse"}}
{"__type":"$$EventMessageConfirm","confirm":"a83bf9f3-70a4-429f-b22c-c96d652a0d9b","ts":"2026-04-29T11:24:50.251Z","source":{"id":"0","name":"eventBus"}}
{"__type":"$$EventMessageNode","id":"e1295f82-e950-4168-a212-1c1b9b6096b7","ts":"2026-04-29T11:24:50.251Z","eventName":"n8n.node.started","message":"n8n.node.started","payload":{"workflowId":"3As2HFzKcJmtaWQ4","workflowName":"vonage-ai-triage-nurse","executionId":"10","nodeType":"n8n-nodes-base.webhook","nodeName":"Webhook SMS","nodeId":"b151229e-3664-4761-8636-d88658927c4d"}}
{"__type":"$$EventMessageConfirm","confirm":"e1295f82-e950-4168-a212-1c1b9b6096b7","ts":"2026-04-29T11:24:50.251Z","source":{"id":"0","name":"eventBus"}}
{"__type":"$$EventMessageNode","id":"2fd56481-a80e-49ff-94de-20ec0223ae1f","ts":"2026-04-29T11:24:50.251Z","eventName":"n8n.node.finished","message":"n8n.node.finished","payload":{"workflowId":"3As2HFzKcJmtaWQ4","workflowName":"vonage-ai-triage-nurse","executionId":"10","nodeType":"n8n-nodes-base.webhook","nodeName":"Webhook SMS","nodeId":"b151229e-3664-4761-8636-d88658927c4d"}}
{"__type":"$$EventMessageConfirm","confirm":"2fd56481-a80e-49ff-94de-20ec0223ae1f","ts":"2026-04-29T11:24:50.251Z","source":{"id":"0","name":"eventBus"}}
{"__type":"$$EventMessageNode","id":"4e45441e-2269-4681-987e-df7d2e92ef83","ts":"2026-04-29T11:24:50.251Z","eventName":"n8n.node.started","message":"n8n.node.started","payload":{"workflowId":"3As2HFzKcJmtaWQ4","workflowName":"vonage-ai-triage-nurse","executionId":"10","nodeType":"n8n-nodes-base.httpRequest","nodeName":"Send SMS via Vonage","nodeId":"4edafd61-0afa-4b73-a9c0-8971bc397ff5"}}
{"__type":"$$EventMessageConfirm","confirm":"4e45441e-2269-4681-987e-df7d2e92ef83","ts":"2026-04-29T11:24:50.251Z","source":{"id":"0","name":"eventBus"}}
{"__type":"$$EventMessageNode","id":"eca94952-bec5-49e6-999d-26e28d6c2103","ts":"2026-04-29T11:24:50.252Z","eventName":"n8n.node.finished","message":"n8n.node.finished","payload":{"workflowId":"3As2HFzKcJmtaWQ4","workflowName":"vonage-ai-triage-nurse","executionId":"10","nodeType":"n8n-nodes-base.httpRequest","nodeName":"Send SMS via Vonage","nodeId":"4edafd61-0afa-4b73-a9c0-8971bc397ff5"}}
{"__type":"$$EventMessageConfirm","confirm":"eca94952-bec5-49e6-999d-26e28d6c2103","ts":"2026-04-29T11:24:50.252Z","source":{"id":"0","name":"eventBus"}}
{"__type":"$$EventMessageWorkflow","id":"45bc6b26-19f8-40ac-af32-37dcc9e5ea35","ts":"2026-04-29T11:24:50.252Z","eventName":"n8n.workflow.failed","message":"n8n.workflow.failed","payload":{"executionId":"10","success":false,"isManual":false,"mode":"webhook","workflowId":"3As2HFzKcJmtaWQ4","workflowName":"vonage-ai-triage-nurse","lastNodeExecuted":"Send SMS via Vonage","errorMessage":"access to env vars denied"}}
{"__type":"$$EventMessageConfirm","confirm":"45bc6b26-19f8-40ac-af32-37dcc9e5ea35","ts":"2026-04-29T11:24:50.252Z","source":{"id":"0","name":"eventBus"}}
{"__type":"$$EventMessageAudit","id":"8ddf09d5-ce39-41c1-a81e-620c516578fc","ts":"2026-04-29T11:36:08.887Z","eventName":"n8n.audit.workflow.executed","message":"n8n.audit.workflow.executed","payload":{"workflowId":"3As2HFzKcJmtaWQ4","workflowName":"vonage-ai-triage-nurse","executionId":"11","source":"webhook"}}
{"__type":"$$EventMessageConfirm","confirm":"8ddf09d5-ce39-41c1-a81e-620c516578fc","ts":"2026-04-29T11:36:08.887Z","source":{"id":"0","name":"eventBus"}}
{"__type":"$$EventMessageWorkflow","id":"57d5a3ba-c001-47e2-a42c-14bfe17a9c1e","ts":"2026-04-29T11:36:08.887Z","eventName":"n8n.workflow.started","message":"n8n.workflow.started","payload":{"executionId":"11","workflowId":"3As2HFzKcJmtaWQ4","isManual":false,"mode":"webhook","workflowName":"vonage-ai-triage-nurse"}}
{"__type":"$$EventMessageConfirm","confirm":"57d5a3ba-c001-47e2-a42c-14bfe17a9c1e","ts":"2026-04-29T11:36:08.887Z","source":{"id":"0","name":"eventBus"}}
{"__type":"$$EventMessageNode","id":"3f669de1-bb12-4819-89f0-e82d8dc86ef3","ts":"2026-04-29T11:36:08.888Z","eventName":"n8n.node.started","message":"n8n.node.started","payload":{"workflowId":"3As2HFzKcJmtaWQ4","workflowName":"vonage-ai-triage-nurse","executionId":"11","nodeType":"n8n-nodes-base.webhook","nodeName":"Webhook Transcript","nodeId":"07a8b583-edbe-43a8-8cf6-dc5faefb2f07"}}
{"__type":"$$EventMessageConfirm","confirm":"3f669de1-bb12-4819-89f0-e82d8dc86ef3","ts":"2026-04-29T11:36:08.888Z","source":{"id":"0","name":"eventBus"}}
{"__type":"$$EventMessageNode","id":"210fefe8-7df7-4494-82e7-4e3062ab4c07","ts":"2026-04-29T11:36:08.888Z","eventName":"n8n.node.finished","message":"n8n.node.finished","payload":{"workflowId":"3As2HFzKcJmtaWQ4","workflowName":"vonage-ai-triage-nurse","executionId":"11","nodeType":"n8n-nodes-base.webhook","nodeName":"Webhook Transcript","nodeId":"07a8b583-edbe-43a8-8cf6-dc5faefb2f07"}}
{"__type":"$$EventMessageConfirm","confirm":"210fefe8-7df7-4494-82e7-4e3062ab4c07","ts":"2026-04-29T11:36:08.888Z","source":{"id":"0","name":"eventBus"}}
{"__type":"$$EventMessageNode","id":"cf947f9a-4a48-4d5e-8e35-0be1b4fa742b","ts":"2026-04-29T11:36:08.888Z","eventName":"n8n.node.started","message":"n8n.node.started","payload":{"workflowId":"3As2HFzKcJmtaWQ4","workflowName":"vonage-ai-triage-nurse","executionId":"11","nodeType":"n8n-nodes-base.respondToWebhook","nodeName":"Respond Transcript","nodeId":"24455b77-b4c2-4d83-a863-5646612dc316"}}
{"__type":"$$EventMessageConfirm","confirm":"cf947f9a-4a48-4d5e-8e35-0be1b4fa742b","ts":"2026-04-29T11:36:08.888Z","source":{"id":"0","name":"eventBus"}}
{"__type":"$$EventMessageNode","id":"a22ed8d1-357a-4ebc-9768-fd5d9974e633","ts":"2026-04-29T11:36:08.888Z","eventName":"n8n.node.finished","message":"n8n.node.finished","payload":{"workflowId":"3As2HFzKcJmtaWQ4","workflowName":"vonage-ai-triage-nurse","executionId":"11","nodeType":"n8n-nodes-base.respondToWebhook","nodeName":"Respond Transcript","nodeId":"24455b77-b4c2-4d83-a863-5646612dc316"}}
{"__type":"$$EventMessageConfirm","confirm":"a22ed8d1-357a-4ebc-9768-fd5d9974e633","ts":"2026-04-29T11:36:08.888Z","source":{"id":"0","name":"eventBus"}}
{"__type":"$$EventMessageWorkflow","id":"35984fbe-b54d-4071-bd60-5c8075c8cebb","ts":"2026-04-29T11:36:08.888Z","eventName":"n8n.workflow.success","message":"n8n.workflow.success","payload":{"executionId":"11","success":true,"isManual":false,"mode":"webhook","workflowId":"3As2HFzKcJmtaWQ4","workflowName":"vonage-ai-triage-nurse"}}
{"__type":"$$EventMessageConfirm","confirm":"35984fbe-b54d-4071-bd60-5c8075c8cebb","ts":"2026-04-29T11:36:08.888Z","source":{"id":"0","name":"eventBus"}}
{"__type":"$$EventMessageAudit","id":"695a4087-da2a-44f8-b12b-044220c5fcda","ts":"2026-04-29T11:36:42.097Z","eventName":"n8n.audit.workflow.executed","message":"n8n.audit.workflow.executed","payload":{"workflowId":"3As2HFzKcJmtaWQ4","workflowName":"vonage-ai-triage-nurse","executionId":"12","source":"webhook"}}
{"__type":"$$EventMessageConfirm","confirm":"695a4087-da2a-44f8-b12b-044220c5fcda","ts":"2026-04-29T11:36:42.097Z","source":{"id":"0","name":"eventBus"}}
{"__type":"$$EventMessageWorkflow","id":"5130b9fd-e393-4805-80b1-993a08ec0cfd","ts":"2026-04-29T11:36:42.098Z","eventName":"n8n.workflow.started","message":"n8n.workflow.started","payload":{"executionId":"12","workflowId":"3As2HFzKcJmtaWQ4","isManual":false,"mode":"webhook","workflowName":"vonage-ai-triage-nurse"}}
{"__type":"$$EventMessageConfirm","confirm":"5130b9fd-e393-4805-80b1-993a08ec0cfd","ts":"2026-04-29T11:36:42.098Z","source":{"id":"0","name":"eventBus"}}
{"__type":"$$EventMessageNode","id":"eb038967-a234-4abe-b6a1-8556819b1987","ts":"2026-04-29T11:36:42.098Z","eventName":"n8n.node.started","message":"n8n.node.started","payload":{"workflowId":"3As2HFzKcJmtaWQ4","workflowName":"vonage-ai-triage-nurse","executionId":"12","nodeType":"n8n-nodes-base.webhook","nodeName":"Webhook Transcript","nodeId":"07a8b583-edbe-43a8-8cf6-dc5faefb2f07"}}
{"__type":"$$EventMessageConfirm","confirm":"eb038967-a234-4abe-b6a1-8556819b1987","ts":"2026-04-29T11:36:42.098Z","source":{"id":"0","name":"eventBus"}}
{"__type":"$$EventMessageNode","id":"be540d58-729b-4ebe-9b17-eafac5076295","ts":"2026-04-29T11:36:42.098Z","eventName":"n8n.node.finished","message":"n8n.node.finished","payload":{"workflowId":"3As2HFzKcJmtaWQ4","workflowName":"vonage-ai-triage-nurse","executionId":"12","nodeType":"n8n-nodes-base.webhook","nodeName":"Webhook Transcript","nodeId":"07a8b583-edbe-43a8-8cf6-dc5faefb2f07"}}
{"__type":"$$EventMessageConfirm","confirm":"be540d58-729b-4ebe-9b17-eafac5076295","ts":"2026-04-29T11:36:42.098Z","source":{"id":"0","name":"eventBus"}}
{"__type":"$$EventMessageNode","id":"7b3340e8-4eb6-4116-b147-74787435b2df","ts":"2026-04-29T11:36:42.098Z","eventName":"n8n.node.started","message":"n8n.node.started","payload":{"workflowId":"3As2HFzKcJmtaWQ4","workflowName":"vonage-ai-triage-nurse","executionId":"12","nodeType":"n8n-nodes-base.respondToWebhook","nodeName":"Respond Transcript","nodeId":"24455b77-b4c2-4d83-a863-5646612dc316"}}
{"__type":"$$EventMessageConfirm","confirm":"7b3340e8-4eb6-4116-b147-74787435b2df","ts":"2026-04-29T11:36:42.098Z","source":{"id":"0","name":"eventBus"}}
{"__type":"$$EventMessageNode","id":"32910a0c-d1ea-4783-a9cd-65aab3655ec5","ts":"2026-04-29T11:36:42.098Z","eventName":"n8n.node.finished","message":"n8n.node.finished","payload":{"workflowId":"3As2HFzKcJmtaWQ4","workflowName":"vonage-ai-triage-nurse","executionId":"12","nodeType":"n8n-nodes-base.respondToWebhook","nodeName":"Respond Transcript","nodeId":"24455b77-b4c2-4d83-a863-5646612dc316"}}
{"__type":"$$EventMessageConfirm","confirm":"32910a0c-d1ea-4783-a9cd-65aab3655ec5","ts":"2026-04-29T11:36:42.098Z","source":{"id":"0","name":"eventBus"}}
{"__type":"$$EventMessageWorkflow","id":"2c736f7d-5ca8-4994-97d2-07aec1f7565e","ts":"2026-04-29T11:36:42.098Z","eventName":"n8n.workflow.success","message":"n8n.workflow.success","payload":{"executionId":"12","success":true,"isManual":false,"mode":"webhook","workflowId":"3As2HFzKcJmtaWQ4","workflowName":"vonage-ai-triage-nurse"}}
{"__type":"$$EventMessageConfirm","confirm":"2c736f7d-5ca8-4994-97d2-07aec1f7565e","ts":"2026-04-29T11:36:42.098Z","source":{"id":"0","name":"eventBus"}}
{"__type":"$$EventMessageAudit","id":"e2f33d88-d321-47d3-a3e0-973380ec9c2f","ts":"2026-04-29T11:37:22.149Z","eventName":"n8n.audit.workflow.executed","message":"n8n.audit.workflow.executed","payload":{"workflowId":"3As2HFzKcJmtaWQ4","workflowName":"vonage-ai-triage-nurse","executionId":"13","source":"webhook"}}
{"__type":"$$EventMessageConfirm","confirm":"e2f33d88-d321-47d3-a3e0-973380ec9c2f","ts":"2026-04-29T11:37:22.149Z","source":{"id":"0","name":"eventBus"}}
{"__type":"$$EventMessageWorkflow","id":"3a500552-fd16-47bd-ad8d-809a2f78fa46","ts":"2026-04-29T11:37:22.149Z","eventName":"n8n.workflow.started","message":"n8n.workflow.started","payload":{"executionId":"13","workflowId":"3As2HFzKcJmtaWQ4","isManual":false,"mode":"webhook","workflowName":"vonage-ai-triage-nurse"}}
{"__type":"$$EventMessageConfirm","confirm":"3a500552-fd16-47bd-ad8d-809a2f78fa46","ts":"2026-04-29T11:37:22.149Z","source":{"id":"0","name":"eventBus"}}
{"__type":"$$EventMessageNode","id":"79ec8c0c-7192-4162-87c6-9243f7fe03e8","ts":"2026-04-29T11:37:22.149Z","eventName":"n8n.node.started","message":"n8n.node.started","payload":{"workflowId":"3As2HFzKcJmtaWQ4","workflowName":"vonage-ai-triage-nurse","executionId":"13","nodeType":"n8n-nodes-base.webhook","nodeName":"Webhook Transcript","nodeId":"07a8b583-edbe-43a8-8cf6-dc5faefb2f07"}}
{"__type":"$$EventMessageConfirm","confirm":"79ec8c0c-7192-4162-87c6-9243f7fe03e8","ts":"2026-04-29T11:37:22.149Z","source":{"id":"0","name":"eventBus"}}
{"__type":"$$EventMessageNode","id":"47e38a2d-f81d-4fda-b57a-859196eaae55","ts":"2026-04-29T11:37:22.150Z","eventName":"n8n.node.finished","message":"n8n.node.finished","payload":{"workflowId":"3As2HFzKcJmtaWQ4","workflowName":"vonage-ai-triage-nurse","executionId":"13","nodeType":"n8n-nodes-base.webhook","nodeName":"Webhook Transcript","nodeId":"07a8b583-edbe-43a8-8cf6-dc5faefb2f07"}}
{"__type":"$$EventMessageConfirm","confirm":"47e38a2d-f81d-4fda-b57a-859196eaae55","ts":"2026-04-29T11:37:22.150Z","source":{"id":"0","name":"eventBus"}}
{"__type":"$$EventMessageNode","id":"e4690443-82c1-4a3d-99ac-8c7dcc5f6a57","ts":"2026-04-29T11:37:22.150Z","eventName":"n8n.node.started","message":"n8n.node.started","payload":{"workflowId":"3As2HFzKcJmtaWQ4","workflowName":"vonage-ai-triage-nurse","executionId":"13","nodeType":"n8n-nodes-base.respondToWebhook","nodeName":"Respond Transcript","nodeId":"24455b77-b4c2-4d83-a863-5646612dc316"}}
{"__type":"$$EventMessageConfirm","confirm":"e4690443-82c1-4a3d-99ac-8c7dcc5f6a57","ts":"2026-04-29T11:37:22.150Z","source":{"id":"0","name":"eventBus"}}
{"__type":"$$EventMessageNode","id":"1bd277bc-c791-4c0f-b955-f8de0a26889b","ts":"2026-04-29T11:37:22.150Z","eventName":"n8n.node.finished","message":"n8n.node.finished","payload":{"workflowId":"3As2HFzKcJmtaWQ4","workflowName":"vonage-ai-triage-nurse","executionId":"13","nodeType":"n8n-nodes-base.respondToWebhook","nodeName":"Respond Transcript","nodeId":"24455b77-b4c2-4d83-a863-5646612dc316"}}
{"__type":"$$EventMessageConfirm","confirm":"1bd277bc-c791-4c0f-b955-f8de0a26889b","ts":"2026-04-29T11:37:22.150Z","source":{"id":"0","name":"eventBus"}}
{"__type":"$$EventMessageWorkflow","id":"5460ef4e-8d41-4cc4-ba45-e228de85e9b3","ts":"2026-04-29T11:37:22.151Z","eventName":"n8n.workflow.success","message":"n8n.workflow.success","payload":{"executionId":"13","success":true,"isManual":false,"mode":"webhook","workflowId":"3As2HFzKcJmtaWQ4","workflowName":"vonage-ai-triage-nurse"}}
{"__type":"$$EventMessageConfirm","confirm":"5460ef4e-8d41-4cc4-ba45-e228de85e9b3","ts":"2026-04-29T11:37:22.151Z","source":{"id":"0","name":"eventBus"}}
{"__type":"$$EventMessageAudit","id":"da9bcb41-8652-4068-b2d8-715851d0ad02","ts":"2026-04-29T11:37:41.371Z","eventName":"n8n.audit.workflow.executed","message":"n8n.audit.workflow.executed","payload":{"workflowId":"3As2HFzKcJmtaWQ4","workflowName":"vonage-ai-triage-nurse","executionId":"14","source":"webhook"}}
{"__type":"$$EventMessageConfirm","confirm":"da9bcb41-8652-4068-b2d8-715851d0ad02","ts":"2026-04-29T11:37:41.371Z","source":{"id":"0","name":"eventBus"}}
{"__type":"$$EventMessageWorkflow","id":"83722240-188a-44ad-807b-57d6ff4a979f","ts":"2026-04-29T11:37:41.371Z","eventName":"n8n.workflow.started","message":"n8n.workflow.started","payload":{"executionId":"14","workflowId":"3As2HFzKcJmtaWQ4","isManual":false,"mode":"webhook","workflowName":"vonage-ai-triage-nurse"}}
{"__type":"$$EventMessageConfirm","confirm":"83722240-188a-44ad-807b-57d6ff4a979f","ts":"2026-04-29T11:37:41.371Z","source":{"id":"0","name":"eventBus"}}
{"__type":"$$EventMessageNode","id":"a2bb1bf7-a6c9-47b4-a1a9-caf4853d40fe","ts":"2026-04-29T11:37:41.371Z","eventName":"n8n.node.started","message":"n8n.node.started","payload":{"workflowId":"3As2HFzKcJmtaWQ4","workflowName":"vonage-ai-triage-nurse","executionId":"14","nodeType":"n8n-nodes-base.webhook","nodeName":"Webhook Transcript","nodeId":"07a8b583-edbe-43a8-8cf6-dc5faefb2f07"}}
{"__type":"$$EventMessageConfirm","confirm":"a2bb1bf7-a6c9-47b4-a1a9-caf4853d40fe","ts":"2026-04-29T11:37:41.371Z","source":{"id":"0","name":"eventBus"}}
{"__type":"$$EventMessageNode","id":"8dbba7de-886c-43d1-b8f8-b9384bd1dd1c","ts":"2026-04-29T11:37:41.371Z","eventName":"n8n.node.finished","message":"n8n.node.finished","payload":{"workflowId":"3As2HFzKcJmtaWQ4","workflowName":"vonage-ai-triage-nurse","executionId":"14","nodeType":"n8n-nodes-base.webhook","nodeName":"Webhook Transcript","nodeId":"07a8b583-edbe-43a8-8cf6-dc5faefb2f07"}}
{"__type":"$$EventMessageConfirm","confirm":"8dbba7de-886c-43d1-b8f8-b9384bd1dd1c","ts":"2026-04-29T11:37:41.371Z","source":{"id":"0","name":"eventBus"}}
{"__type":"$$EventMessageNode","id":"2b1f4bc5-53de-4def-ad30-6a9a40966e59","ts":"2026-04-29T11:37:41.371Z","eventName":"n8n.node.started","message":"n8n.node.started","payload":{"workflowId":"3As2HFzKcJmtaWQ4","workflowName":"vonage-ai-triage-nurse","executionId":"14","nodeType":"n8n-nodes-base.respondToWebhook","nodeName":"Respond Transcript","nodeId":"24455b77-b4c2-4d83-a863-5646612dc316"}}
{"__type":"$$EventMessageConfirm","confirm":"2b1f4bc5-53de-4def-ad30-6a9a40966e59","ts":"2026-04-29T11:37:41.371Z","source":{"id":"0","name":"eventBus"}}
{"__type":"$$EventMessageNode","id":"62ff1404-cd10-4c0d-8f61-51c967712f41","ts":"2026-04-29T11:37:41.372Z","eventName":"n8n.node.finished","message":"n8n.node.finished","payload":{"workflowId":"3As2HFzKcJmtaWQ4","workflowName":"vonage-ai-triage-nurse","executionId":"14","nodeType":"n8n-nodes-base.respondToWebhook","nodeName":"Respond Transcript","nodeId":"24455b77-b4c2-4d83-a863-5646612dc316"}}
{"__type":"$$EventMessageConfirm","confirm":"62ff1404-cd10-4c0d-8f61-51c967712f41","ts":"2026-04-29T11:37:41.372Z","source":{"id":"0","name":"eventBus"}}
{"__type":"$$EventMessageWorkflow","id":"a6a1e097-67b6-41f4-ba10-c2c7ab590563","ts":"2026-04-29T11:37:41.372Z","eventName":"n8n.workflow.success","message":"n8n.workflow.success","payload":{"executionId":"14","success":true,"isManual":false,"mode":"webhook","workflowId":"3As2HFzKcJmtaWQ4","workflowName":"vonage-ai-triage-nurse"}}
{"__type":"$$EventMessageConfirm","confirm":"a6a1e097-67b6-41f4-ba10-c2c7ab590563","ts":"2026-04-29T11:37:41.372Z","source":{"id":"0","name":"eventBus"}}
{"__type":"$$EventMessageAudit","id":"fe6974d7-ef5f-471e-8481-3bce79cfe49d","ts":"2026-04-29T11:38:04.514Z","eventName":"n8n.audit.workflow.executed","message":"n8n.audit.workflow.executed","payload":{"workflowId":"3As2HFzKcJmtaWQ4","workflowName":"vonage-ai-triage-nurse","executionId":"15","source":"webhook"}}
{"__type":"$$EventMessageConfirm","confirm":"fe6974d7-ef5f-471e-8481-3bce79cfe49d","ts":"2026-04-29T11:38:04.514Z","source":{"id":"0","name":"eventBus"}}
{"__type":"$$EventMessageWorkflow","id":"757fc58f-92ac-40bd-ad06-c8c3b5c4a2e5","ts":"2026-04-29T11:38:04.514Z","eventName":"n8n.workflow.started","message":"n8n.workflow.started","payload":{"executionId":"15","workflowId":"3As2HFzKcJmtaWQ4","isManual":false,"mode":"webhook","workflowName":"vonage-ai-triage-nurse"}}
{"__type":"$$EventMessageConfirm","confirm":"757fc58f-92ac-40bd-ad06-c8c3b5c4a2e5","ts":"2026-04-29T11:38:04.514Z","source":{"id":"0","name":"eventBus"}}
{"__type":"$$EventMessageNode","id":"19df8f8a-9841-43c2-ace8-3e2c8204fa85","ts":"2026-04-29T11:38:04.515Z","eventName":"n8n.node.started","message":"n8n.node.started","payload":{"workflowId":"3As2HFzKcJmtaWQ4","workflowName":"vonage-ai-triage-nurse","executionId":"15","nodeType":"n8n-nodes-base.webhook","nodeName":"Webhook Transcript","nodeId":"07a8b583-edbe-43a8-8cf6-dc5faefb2f07"}}
{"__type":"$$EventMessageConfirm","confirm":"19df8f8a-9841-43c2-ace8-3e2c8204fa85","ts":"2026-04-29T11:38:04.515Z","source":{"id":"0","name":"eventBus"}}
{"__type":"$$EventMessageNode","id":"0521815d-3e7e-4b30-b4aa-c31346abf256","ts":"2026-04-29T11:38:04.515Z","eventName":"n8n.node.finished","message":"n8n.node.finished","payload":{"workflowId":"3As2HFzKcJmtaWQ4","workflowName":"vonage-ai-triage-nurse","executionId":"15","nodeType":"n8n-nodes-base.webhook","nodeName":"Webhook Transcript","nodeId":"07a8b583-edbe-43a8-8cf6-dc5faefb2f07"}}
{"__type":"$$EventMessageConfirm","confirm":"0521815d-3e7e-4b30-b4aa-c31346abf256","ts":"2026-04-29T11:38:04.515Z","source":{"id":"0","name":"eventBus"}}
{"__type":"$$EventMessageNode","id":"d1c49fb6-c010-4267-aa1d-3038b88d8dd1","ts":"2026-04-29T11:38:04.515Z","eventName":"n8n.node.started","message":"n8n.node.started","payload":{"workflowId":"3As2HFzKcJmtaWQ4","workflowName":"vonage-ai-triage-nurse","executionId":"15","nodeType":"n8n-nodes-base.respondToWebhook","nodeName":"Respond Transcript","nodeId":"24455b77-b4c2-4d83-a863-5646612dc316"}}
{"__type":"$$EventMessageConfirm","confirm":"d1c49fb6-c010-4267-aa1d-3038b88d8dd1","ts":"2026-04-29T11:38:04.515Z","source":{"id":"0","name":"eventBus"}}
{"__type":"$$EventMessageNode","id":"9edd606e-a6d8-4f2d-bfc8-d6ad42c31efd","ts":"2026-04-29T11:38:04.515Z","eventName":"n8n.node.finished","message":"n8n.node.finished","payload":{"workflowId":"3As2HFzKcJmtaWQ4","workflowName":"vonage-ai-triage-nurse","executionId":"15","nodeType":"n8n-nodes-base.respondToWebhook","nodeName":"Respond Transcript","nodeId":"24455b77-b4c2-4d83-a863-5646612dc316"}}
{"__type":"$$EventMessageConfirm","confirm":"9edd606e-a6d8-4f2d-bfc8-d6ad42c31efd","ts":"2026-04-29T11:38:04.515Z","source":{"id":"0","name":"eventBus"}}
{"__type":"$$EventMessageWorkflow","id":"6087f09d-94d5-4515-9101-7cfe75cd552b","ts":"2026-04-29T11:38:04.515Z","eventName":"n8n.workflow.success","message":"n8n.workflow.success","payload":{"executionId":"15","success":true,"isManual":false,"mode":"webhook","workflowId":"3As2HFzKcJmtaWQ4","workflowName":"vonage-ai-triage-nurse"}}
{"__type":"$$EventMessageConfirm","confirm":"6087f09d-94d5-4515-9101-7cfe75cd552b","ts":"2026-04-29T11:38:04.515Z","source":{"id":"0","name":"eventBus"}}
{"__type":"$$EventMessageAudit","id":"f3c1e2e1-69ff-40f2-b81a-953f5f4bb8e2","ts":"2026-04-29T11:38:05.722Z","eventName":"n8n.audit.workflow.executed","message":"n8n.audit.workflow.executed","payload":{"workflowId":"3As2HFzKcJmtaWQ4","workflowName":"vonage-ai-triage-nurse","executionId":"16","source":"webhook"}}
{"__type":"$$EventMessageConfirm","confirm":"f3c1e2e1-69ff-40f2-b81a-953f5f4bb8e2","ts":"2026-04-29T11:38:05.722Z","source":{"id":"0","name":"eventBus"}}
{"__type":"$$EventMessageWorkflow","id":"666a033b-4422-4e4d-92cd-7737ec725e57","ts":"2026-04-29T11:38:05.722Z","eventName":"n8n.workflow.started","message":"n8n.workflow.started","payload":{"executionId":"16","workflowId":"3As2HFzKcJmtaWQ4","isManual":false,"mode":"webhook","workflowName":"vonage-ai-triage-nurse"}}
{"__type":"$$EventMessageConfirm","confirm":"666a033b-4422-4e4d-92cd-7737ec725e57","ts":"2026-04-29T11:38:05.722Z","source":{"id":"0","name":"eventBus"}}
{"__type":"$$EventMessageNode","id":"6190623c-fd71-44c6-9aaf-dc800c237f14","ts":"2026-04-29T11:38:05.722Z","eventName":"n8n.node.started","message":"n8n.node.started","payload":{"workflowId":"3As2HFzKcJmtaWQ4","workflowName":"vonage-ai-triage-nurse","executionId":"16","nodeType":"n8n-nodes-base.webhook","nodeName":"Webhook Availability","nodeId":"1502a128-327d-4789-a304-c4261f9bee91"}}
{"__type":"$$EventMessageConfirm","confirm":"6190623c-fd71-44c6-9aaf-dc800c237f14","ts":"2026-04-29T11:38:05.722Z","source":{"id":"0","name":"eventBus"}}
{"__type":"$$EventMessageNode","id":"951c8bf0-6204-4dfc-af54-179082267006","ts":"2026-04-29T11:38:05.722Z","eventName":"n8n.node.finished","message":"n8n.node.finished","payload":{"workflowId":"3As2HFzKcJmtaWQ4","workflowName":"vonage-ai-triage-nurse","executionId":"16","nodeType":"n8n-nodes-base.webhook","nodeName":"Webhook Availability","nodeId":"1502a128-327d-4789-a304-c4261f9bee91"}}
{"__type":"$$EventMessageConfirm","confirm":"951c8bf0-6204-4dfc-af54-179082267006","ts":"2026-04-29T11:38:05.722Z","source":{"id":"0","name":"eventBus"}}
{"__type":"$$EventMessageNode","id":"21662399-d106-4807-9405-db3f48f3cc79","ts":"2026-04-29T11:38:05.722Z","eventName":"n8n.node.started","message":"n8n.node.started","payload":{"workflowId":"3As2HFzKcJmtaWQ4","workflowName":"vonage-ai-triage-nurse","executionId":"16","nodeType":"n8n-nodes-base.respondToWebhook","nodeName":"Respond Availability","nodeId":"8f2951b9-2c23-4781-9832-82e4c3cd4580"}}
{"__type":"$$EventMessageConfirm","confirm":"21662399-d106-4807-9405-db3f48f3cc79","ts":"2026-04-29T11:38:05.722Z","source":{"id":"0","name":"eventBus"}}
{"__type":"$$EventMessageNode","id":"10f5276e-a0a5-4356-896b-b550bd549c05","ts":"2026-04-29T11:38:05.723Z","eventName":"n8n.node.finished","message":"n8n.node.finished","payload":{"workflowId":"3As2HFzKcJmtaWQ4","workflowName":"vonage-ai-triage-nurse","executionId":"16","nodeType":"n8n-nodes-base.respondToWebhook","nodeName":"Respond Availability","nodeId":"8f2951b9-2c23-4781-9832-82e4c3cd4580"}}
{"__type":"$$EventMessageConfirm","confirm":"10f5276e-a0a5-4356-896b-b550bd549c05","ts":"2026-04-29T11:38:05.723Z","source":{"id":"0","name":"eventBus"}}
{"__type":"$$EventMessageWorkflow","id":"6c4f5c21-1baf-4ac0-a3b3-8e1aafc73379","ts":"2026-04-29T11:38:05.723Z","eventName":"n8n.workflow.success","message":"n8n.workflow.success","payload":{"executionId":"16","success":true,"isManual":false,"mode":"webhook","workflowId":"3As2HFzKcJmtaWQ4","workflowName":"vonage-ai-triage-nurse"}}
{"__type":"$$EventMessageConfirm","confirm":"6c4f5c21-1baf-4ac0-a3b3-8e1aafc73379","ts":"2026-04-29T11:38:05.723Z","source":{"id":"0","name":"eventBus"}}
{"__type":"$$EventMessageAudit","id":"cb0662a6-8a83-4a56-ada3-5cd7dae0d3db","ts":"2026-04-29T11:38:27.487Z","eventName":"n8n.audit.workflow.executed","message":"n8n.audit.workflow.executed","payload":{"workflowId":"3As2HFzKcJmtaWQ4","workflowName":"vonage-ai-triage-nurse","executionId":"17","source":"webhook"}}
{"__type":"$$EventMessageConfirm","confirm":"cb0662a6-8a83-4a56-ada3-5cd7dae0d3db","ts":"2026-04-29T11:38:27.487Z","source":{"id":"0","name":"eventBus"}}
{"__type":"$$EventMessageWorkflow","id":"6d2f3cdd-560e-415e-a661-2e865c238fae","ts":"2026-04-29T11:38:27.487Z","eventName":"n8n.workflow.started","message":"n8n.workflow.started","payload":{"executionId":"17","workflowId":"3As2HFzKcJmtaWQ4","isManual":false,"mode":"webhook","workflowName":"vonage-ai-triage-nurse"}}
{"__type":"$$EventMessageConfirm","confirm":"6d2f3cdd-560e-415e-a661-2e865c238fae","ts":"2026-04-29T11:38:27.487Z","source":{"id":"0","name":"eventBus"}}
{"__type":"$$EventMessageNode","id":"0ca21991-09d5-4264-b8dc-71c4a05dbb3b","ts":"2026-04-29T11:38:27.487Z","eventName":"n8n.node.started","message":"n8n.node.started","payload":{"workflowId":"3As2HFzKcJmtaWQ4","workflowName":"vonage-ai-triage-nurse","executionId":"17","nodeType":"n8n-nodes-base.webhook","nodeName":"Webhook Transcript","nodeId":"07a8b583-edbe-43a8-8cf6-dc5faefb2f07"}}
{"__type":"$$EventMessageConfirm","confirm":"0ca21991-09d5-4264-b8dc-71c4a05dbb3b","ts":"2026-04-29T11:38:27.487Z","source":{"id":"0","name":"eventBus"}}
{"__type":"$$EventMessageNode","id":"73a93de3-9339-4435-95e8-8ae2cca804d6","ts":"2026-04-29T11:38:27.487Z","eventName":"n8n.node.finished","message":"n8n.node.finished","payload":{"workflowId":"3As2HFzKcJmtaWQ4","workflowName":"vonage-ai-triage-nurse","executionId":"17","nodeType":"n8n-nodes-base.webhook","nodeName":"Webhook Transcript","nodeId":"07a8b583-edbe-43a8-8cf6-dc5faefb2f07"}}
{"__type":"$$EventMessageConfirm","confirm":"73a93de3-9339-4435-95e8-8ae2cca804d6","ts":"2026-04-29T11:38:27.487Z","source":{"id":"0","name":"eventBus"}}
{"__type":"$$EventMessageNode","id":"95cc12a1-4657-4db4-a3c0-e6fb75ee0d51","ts":"2026-04-29T11:38:27.487Z","eventName":"n8n.node.started","message":"n8n.node.started","payload":{"workflowId":"3As2HFzKcJmtaWQ4","workflowName":"vonage-ai-triage-nurse","executionId":"17","nodeType":"n8n-nodes-base.respondToWebhook","nodeName":"Respond Transcript","nodeId":"24455b77-b4c2-4d83-a863-5646612dc316"}}
{"__type":"$$EventMessageConfirm","confirm":"95cc12a1-4657-4db4-a3c0-e6fb75ee0d51","ts":"2026-04-29T11:38:27.487Z","source":{"id":"0","name":"eventBus"}}
{"__type":"$$EventMessageNode","id":"2bff6653-a948-41d4-861a-131884c7ef15","ts":"2026-04-29T11:38:27.487Z","eventName":"n8n.node.finished","message":"n8n.node.finished","payload":{"workflowId":"3As2HFzKcJmtaWQ4","workflowName":"vonage-ai-triage-nurse","executionId":"17","nodeType":"n8n-nodes-base.respondToWebhook","nodeName":"Respond Transcript","nodeId":"24455b77-b4c2-4d83-a863-5646612dc316"}}
{"__type":"$$EventMessageConfirm","confirm":"2bff6653-a948-41d4-861a-131884c7ef15","ts":"2026-04-29T11:38:27.487Z","source":{"id":"0","name":"eventBus"}}
{"__type":"$$EventMessageWorkflow","id":"cc7df7a3-cfd4-40b6-a637-6023f9935291","ts":"2026-04-29T11:38:27.488Z","eventName":"n8n.workflow.success","message":"n8n.workflow.success","payload":{"executionId":"17","success":true,"isManual":false,"mode":"webhook","workflowId":"3As2HFzKcJmtaWQ4","workflowName":"vonage-ai-triage-nurse"}}
{"__type":"$$EventMessageConfirm","confirm":"cc7df7a3-cfd4-40b6-a637-6023f9935291","ts":"2026-04-29T11:38:27.488Z","source":{"id":"0","name":"eventBus"}}
{"__type":"$$EventMessageAudit","id":"10cc9ae2-b19e-49d9-8a39-b0bd50800ab8","ts":"2026-04-29T11:38:27.490Z","eventName":"n8n.audit.workflow.executed","message":"n8n.audit.workflow.executed","payload":{"workflowId":"3As2HFzKcJmtaWQ4","workflowName":"vonage-ai-triage-nurse","executionId":"18","source":"webhook"}}
{"__type":"$$EventMessageConfirm","confirm":"10cc9ae2-b19e-49d9-8a39-b0bd50800ab8","ts":"2026-04-29T11:38:27.490Z","source":{"id":"0","name":"eventBus"}}
{"__type":"$$EventMessageWorkflow","id":"4645e4b8-3d38-4fac-ae24-53b9f175c2bb","ts":"2026-04-29T11:38:27.490Z","eventName":"n8n.workflow.started","message":"n8n.workflow.started","payload":{"executionId":"18","workflowId":"3As2HFzKcJmtaWQ4","isManual":false,"mode":"webhook","workflowName":"vonage-ai-triage-nurse"}}
{"__type":"$$EventMessageConfirm","confirm":"4645e4b8-3d38-4fac-ae24-53b9f175c2bb","ts":"2026-04-29T11:38:27.490Z","source":{"id":"0","name":"eventBus"}}
{"__type":"$$EventMessageNode","id":"eafd4b28-5606-4039-89c4-82015346096e","ts":"2026-04-29T11:38:27.490Z","eventName":"n8n.node.started","message":"n8n.node.started","payload":{"workflowId":"3As2HFzKcJmtaWQ4","workflowName":"vonage-ai-triage-nurse","executionId":"18","nodeType":"n8n-nodes-base.webhook","nodeName":"Webhook Transcript","nodeId":"07a8b583-edbe-43a8-8cf6-dc5faefb2f07"}}
{"__type":"$$EventMessageConfirm","confirm":"eafd4b28-5606-4039-89c4-82015346096e","ts":"2026-04-29T11:38:27.490Z","source":{"id":"0","name":"eventBus"}}
{"__type":"$$EventMessageNode","id":"c1a9148d-9d30-4b9d-be57-6dd6c7800605","ts":"2026-04-29T11:38:27.490Z","eventName":"n8n.node.finished","message":"n8n.node.finished","payload":{"workflowId":"3As2HFzKcJmtaWQ4","workflowName":"vonage-ai-triage-nurse","executionId":"18","nodeType":"n8n-nodes-base.webhook","nodeName":"Webhook Transcript","nodeId":"07a8b583-edbe-43a8-8cf6-dc5faefb2f07"}}
{"__type":"$$EventMessageConfirm","confirm":"c1a9148d-9d30-4b9d-be57-6dd6c7800605","ts":"2026-04-29T11:38:27.490Z","source":{"id":"0","name":"eventBus"}}
{"__type":"$$EventMessageNode","id":"9f6f94d3-ab46-4551-ae8b-4538aa18f881","ts":"2026-04-29T11:38:27.490Z","eventName":"n8n.node.started","message":"n8n.node.started","payload":{"workflowId":"3As2HFzKcJmtaWQ4","workflowName":"vonage-ai-triage-nurse","executionId":"18","nodeType":"n8n-nodes-base.respondToWebhook","nodeName":"Respond Transcript","nodeId":"24455b77-b4c2-4d83-a863-5646612dc316"}}
{"__type":"$$EventMessageConfirm","confirm":"9f6f94d3-ab46-4551-ae8b-4538aa18f881","ts":"2026-04-29T11:38:27.490Z","source":{"id":"0","name":"eventBus"}}
{"__type":"$$EventMessageNode","id":"797399a1-06d6-4abd-a7c6-8ed5db5fad75","ts":"2026-04-29T11:38:27.490Z","eventName":"n8n.node.finished","message":"n8n.node.finished","payload":{"workflowId":"3As2HFzKcJmtaWQ4","workflowName":"vonage-ai-triage-nurse","executionId":"18","nodeType":"n8n-nodes-base.respondToWebhook","nodeName":"Respond Transcript","nodeId":"24455b77-b4c2-4d83-a863-5646612dc316"}}
{"__type":"$$EventMessageConfirm","confirm":"797399a1-06d6-4abd-a7c6-8ed5db5fad75","ts":"2026-04-29T11:38:27.490Z","source":{"id":"0","name":"eventBus"}}
{"__type":"$$EventMessageWorkflow","id":"c57e4f0b-61ea-4045-a78a-6bb403646c8d","ts":"2026-04-29T11:38:27.491Z","eventName":"n8n.workflow.success","message":"n8n.workflow.success","payload":{"executionId":"18","success":true,"isManual":false,"mode":"webhook","workflowId":"3As2HFzKcJmtaWQ4","workflowName":"vonage-ai-triage-nurse"}}
{"__type":"$$EventMessageConfirm","confirm":"c57e4f0b-61ea-4045-a78a-6bb403646c8d","ts":"2026-04-29T11:38:27.491Z","source":{"id":"0","name":"eventBus"}}
{"__type":"$$EventMessageAudit","id":"6d2f27aa-3b66-42de-88f3-04f75913c4f9","ts":"2026-04-29T11:38:51.763Z","eventName":"n8n.audit.workflow.executed","message":"n8n.audit.workflow.executed","payload":{"workflowId":"3As2HFzKcJmtaWQ4","workflowName":"vonage-ai-triage-nurse","executionId":"19","source":"webhook"}}
{"__type":"$$EventMessageConfirm","confirm":"6d2f27aa-3b66-42de-88f3-04f75913c4f9","ts":"2026-04-29T11:38:51.763Z","source":{"id":"0","name":"eventBus"}}
{"__type":"$$EventMessageWorkflow","id":"86cbcb28-c1ce-4abb-bf17-bc7b6d560a2e","ts":"2026-04-29T11:38:51.763Z","eventName":"n8n.workflow.started","message":"n8n.workflow.started","payload":{"executionId":"19","workflowId":"3As2HFzKcJmtaWQ4","isManual":false,"mode":"webhook","workflowName":"vonage-ai-triage-nurse"}}
{"__type":"$$EventMessageConfirm","confirm":"86cbcb28-c1ce-4abb-bf17-bc7b6d560a2e","ts":"2026-04-29T11:38:51.763Z","source":{"id":"0","name":"eventBus"}}
{"__type":"$$EventMessageNode","id":"06a35c6c-a9f2-4802-bdb5-268ea2ff669a","ts":"2026-04-29T11:38:51.763Z","eventName":"n8n.node.started","message":"n8n.node.started","payload":{"workflowId":"3As2HFzKcJmtaWQ4","workflowName":"vonage-ai-triage-nurse","executionId":"19","nodeType":"n8n-nodes-base.webhook","nodeName":"Webhook Transcript","nodeId":"07a8b583-edbe-43a8-8cf6-dc5faefb2f07"}}
{"__type":"$$EventMessageConfirm","confirm":"06a35c6c-a9f2-4802-bdb5-268ea2ff669a","ts":"2026-04-29T11:38:51.763Z","source":{"id":"0","name":"eventBus"}}
{"__type":"$$EventMessageNode","id":"de384005-f3a9-43dd-b1d1-d031d287e4fb","ts":"2026-04-29T11:38:51.763Z","eventName":"n8n.node.finished","message":"n8n.node.finished","payload":{"workflowId":"3As2HFzKcJmtaWQ4","workflowName":"vonage-ai-triage-nurse","executionId":"19","nodeType":"n8n-nodes-base.webhook","nodeName":"Webhook Transcript","nodeId":"07a8b583-edbe-43a8-8cf6-dc5faefb2f07"}}
{"__type":"$$EventMessageConfirm","confirm":"de384005-f3a9-43dd-b1d1-d031d287e4fb","ts":"2026-04-29T11:38:51.763Z","source":{"id":"0","name":"eventBus"}}
{"__type":"$$EventMessageNode","id":"313a83b9-d6ba-45d2-a44a-57274bd57c09","ts":"2026-04-29T11:38:51.763Z","eventName":"n8n.node.started","message":"n8n.node.started","payload":{"workflowId":"3As2HFzKcJmtaWQ4","workflowName":"vonage-ai-triage-nurse","executionId":"19","nodeType":"n8n-nodes-base.respondToWebhook","nodeName":"Respond Transcript","nodeId":"24455b77-b4c2-4d83-a863-5646612dc316"}}
{"__type":"$$EventMessageConfirm","confirm":"313a83b9-d6ba-45d2-a44a-57274bd57c09","ts":"2026-04-29T11:38:51.763Z","source":{"id":"0","name":"eventBus"}}
{"__type":"$$EventMessageNode","id":"2053482d-1bde-42fb-adea-82cfd8cc6451","ts":"2026-04-29T11:38:51.764Z","eventName":"n8n.node.finished","message":"n8n.node.finished","payload":{"workflowId":"3As2HFzKcJmtaWQ4","workflowName":"vonage-ai-triage-nurse","executionId":"19","nodeType":"n8n-nodes-base.respondToWebhook","nodeName":"Respond Transcript","nodeId":"24455b77-b4c2-4d83-a863-5646612dc316"}}
{"__type":"$$EventMessageConfirm","confirm":"2053482d-1bde-42fb-adea-82cfd8cc6451","ts":"2026-04-29T11:38:51.764Z","source":{"id":"0","name":"eventBus"}}
{"__type":"$$EventMessageWorkflow","id":"aebb1eee-9df1-4b64-a31f-ccde1f1b2760","ts":"2026-04-29T11:38:51.764Z","eventName":"n8n.workflow.success","message":"n8n.workflow.success","payload":{"executionId":"19","success":true,"isManual":false,"mode":"webhook","workflowId":"3As2HFzKcJmtaWQ4","workflowName":"vonage-ai-triage-nurse"}}
{"__type":"$$EventMessageConfirm","confirm":"aebb1eee-9df1-4b64-a31f-ccde1f1b2760","ts":"2026-04-29T11:38:51.764Z","source":{"id":"0","name":"eventBus"}}
{"__type":"$$EventMessageAudit","id":"c7843445-65af-4d5b-8aab-334d9b63f34b","ts":"2026-04-29T11:38:53.338Z","eventName":"n8n.audit.workflow.executed","message":"n8n.audit.workflow.executed","payload":{"workflowId":"3As2HFzKcJmtaWQ4","workflowName":"vonage-ai-triage-nurse","executionId":"20","source":"webhook"}}
{"__type":"$$EventMessageConfirm","confirm":"c7843445-65af-4d5b-8aab-334d9b63f34b","ts":"2026-04-29T11:38:53.338Z","source":{"id":"0","name":"eventBus"}}
{"__type":"$$EventMessageWorkflow","id":"c58d53e6-0e97-4631-8455-19bafc8afc88","ts":"2026-04-29T11:38:53.338Z","eventName":"n8n.workflow.started","message":"n8n.workflow.started","payload":{"executionId":"20","workflowId":"3As2HFzKcJmtaWQ4","isManual":false,"mode":"webhook","workflowName":"vonage-ai-triage-nurse"}}
{"__type":"$$EventMessageConfirm","confirm":"c58d53e6-0e97-4631-8455-19bafc8afc88","ts":"2026-04-29T11:38:53.338Z","source":{"id":"0","name":"eventBus"}}
{"__type":"$$EventMessageNode","id":"9d0ef8bc-2bab-4a73-934e-56a3c7da70e1","ts":"2026-04-29T11:38:53.338Z","eventName":"n8n.node.started","message":"n8n.node.started","payload":{"workflowId":"3As2HFzKcJmtaWQ4","workflowName":"vonage-ai-triage-nurse","executionId":"20","nodeType":"n8n-nodes-base.webhook","nodeName":"Webhook Schedule","nodeId":"9e75eb9b-5e71-4b5b-a256-ec5017043f44"}}
{"__type":"$$EventMessageConfirm","confirm":"9d0ef8bc-2bab-4a73-934e-56a3c7da70e1","ts":"2026-04-29T11:38:53.338Z","source":{"id":"0","name":"eventBus"}}
{"__type":"$$EventMessageNode","id":"f95d953c-c8a7-4e5d-b541-bf5bae3a0f59","ts":"2026-04-29T11:38:53.338Z","eventName":"n8n.node.finished","message":"n8n.node.finished","payload":{"workflowId":"3As2HFzKcJmtaWQ4","workflowName":"vonage-ai-triage-nurse","executionId":"20","nodeType":"n8n-nodes-base.webhook","nodeName":"Webhook Schedule","nodeId":"9e75eb9b-5e71-4b5b-a256-ec5017043f44"}}
{"__type":"$$EventMessageConfirm","confirm":"f95d953c-c8a7-4e5d-b541-bf5bae3a0f59","ts":"2026-04-29T11:38:53.338Z","source":{"id":"0","name":"eventBus"}}
{"__type":"$$EventMessageNode","id":"cb41c2c5-49c5-448f-a073-7cb372d827a4","ts":"2026-04-29T11:38:53.338Z","eventName":"n8n.node.started","message":"n8n.node.started","payload":{"workflowId":"3As2HFzKcJmtaWQ4","workflowName":"vonage-ai-triage-nurse","executionId":"20","nodeType":"n8n-nodes-base.respondToWebhook","nodeName":"Respond Schedule","nodeId":"cc505e84-d9bd-41df-9477-f4e92d38b82f"}}
{"__type":"$$EventMessageConfirm","confirm":"cb41c2c5-49c5-448f-a073-7cb372d827a4","ts":"2026-04-29T11:38:53.338Z","source":{"id":"0","name":"eventBus"}}
{"__type":"$$EventMessageNode","id":"7e9d8f08-bebf-45cd-a7de-d9a160a2e6a1","ts":"2026-04-29T11:38:53.338Z","eventName":"n8n.node.finished","message":"n8n.node.finished","payload":{"workflowId":"3As2HFzKcJmtaWQ4","workflowName":"vonage-ai-triage-nurse","executionId":"20","nodeType":"n8n-nodes-base.respondToWebhook","nodeName":"Respond Schedule","nodeId":"cc505e84-d9bd-41df-9477-f4e92d38b82f"}}
{"__type":"$$EventMessageConfirm","confirm":"7e9d8f08-bebf-45cd-a7de-d9a160a2e6a1","ts":"2026-04-29T11:38:53.338Z","source":{"id":"0","name":"eventBus"}}
{"__type":"$$EventMessageWorkflow","id":"93c7517d-27e4-49ce-aa3d-9702370e1f53","ts":"2026-04-29T11:38:53.339Z","eventName":"n8n.workflow.success","message":"n8n.workflow.success","payload":{"executionId":"20","success":true,"isManual":false,"mode":"webhook","workflowId":"3As2HFzKcJmtaWQ4","workflowName":"vonage-ai-triage-nurse"}}
{"__type":"$$EventMessageConfirm","confirm":"93c7517d-27e4-49ce-aa3d-9702370e1f53","ts":"2026-04-29T11:38:53.339Z","source":{"id":"0","name":"eventBus"}}
{"__type":"$$EventMessageAudit","id":"c56ae1d5-1980-4e46-815f-f41a64203dbd","ts":"2026-04-29T11:38:53.357Z","eventName":"n8n.audit.workflow.executed","message":"n8n.audit.workflow.executed","payload":{"workflowId":"3As2HFzKcJmtaWQ4","workflowName":"vonage-ai-triage-nurse","executionId":"21","source":"webhook"}}
{"__type":"$$EventMessageConfirm","confirm":"c56ae1d5-1980-4e46-815f-f41a64203dbd","ts":"2026-04-29T11:38:53.357Z","source":{"id":"0","name":"eventBus"}}
{"__type":"$$EventMessageWorkflow","id":"740af519-d0f7-46ec-ac77-b25dd90b540b","ts":"2026-04-29T11:38:53.357Z","eventName":"n8n.workflow.started","message":"n8n.workflow.started","payload":{"executionId":"21","workflowId":"3As2HFzKcJmtaWQ4","isManual":false,"mode":"webhook","workflowName":"vonage-ai-triage-nurse"}}
{"__type":"$$EventMessageConfirm","confirm":"740af519-d0f7-46ec-ac77-b25dd90b540b","ts":"2026-04-29T11:38:53.357Z","source":{"id":"0","name":"eventBus"}}
{"__type":"$$EventMessageNode","id":"bd6b80d9-ef30-47a2-98f4-ec01bdcc2736","ts":"2026-04-29T11:38:53.357Z","eventName":"n8n.node.started","message":"n8n.node.started","payload":{"workflowId":"3As2HFzKcJmtaWQ4","workflowName":"vonage-ai-triage-nurse","executionId":"21","nodeType":"n8n-nodes-base.webhook","nodeName":"Webhook SMS","nodeId":"b151229e-3664-4761-8636-d88658927c4d"}}
{"__type":"$$EventMessageConfirm","confirm":"bd6b80d9-ef30-47a2-98f4-ec01bdcc2736","ts":"2026-04-29T11:38:53.357Z","source":{"id":"0","name":"eventBus"}}
{"__type":"$$EventMessageNode","id":"ed1de6ca-6f9a-423d-9e67-8558fe5ed1f3","ts":"2026-04-29T11:38:53.357Z","eventName":"n8n.node.finished","message":"n8n.node.finished","payload":{"workflowId":"3As2HFzKcJmtaWQ4","workflowName":"vonage-ai-triage-nurse","executionId":"21","nodeType":"n8n-nodes-base.webhook","nodeName":"Webhook SMS","nodeId":"b151229e-3664-4761-8636-d88658927c4d"}}
{"__type":"$$EventMessageConfirm","confirm":"ed1de6ca-6f9a-423d-9e67-8558fe5ed1f3","ts":"2026-04-29T11:38:53.357Z","source":{"id":"0","name":"eventBus"}}
{"__type":"$$EventMessageNode","id":"11e01cf1-43fb-4555-a946-aa13b4fa3777","ts":"2026-04-29T11:38:53.357Z","eventName":"n8n.node.started","message":"n8n.node.started","payload":{"workflowId":"3As2HFzKcJmtaWQ4","workflowName":"vonage-ai-triage-nurse","executionId":"21","nodeType":"n8n-nodes-base.httpRequest","nodeName":"Send SMS via Vonage","nodeId":"4edafd61-0afa-4b73-a9c0-8971bc397ff5"}}
{"__type":"$$EventMessageConfirm","confirm":"11e01cf1-43fb-4555-a946-aa13b4fa3777","ts":"2026-04-29T11:38:53.357Z","source":{"id":"0","name":"eventBus"}}
{"__type":"$$EventMessageNode","id":"7951a262-facd-43de-997e-37951db86066","ts":"2026-04-29T11:38:53.358Z","eventName":"n8n.node.finished","message":"n8n.node.finished","payload":{"workflowId":"3As2HFzKcJmtaWQ4","workflowName":"vonage-ai-triage-nurse","executionId":"21","nodeType":"n8n-nodes-base.httpRequest","nodeName":"Send SMS via Vonage","nodeId":"4edafd61-0afa-4b73-a9c0-8971bc397ff5"}}
{"__type":"$$EventMessageConfirm","confirm":"7951a262-facd-43de-997e-37951db86066","ts":"2026-04-29T11:38:53.358Z","source":{"id":"0","name":"eventBus"}}
{"__type":"$$EventMessageWorkflow","id":"89157056-0caf-4382-81f0-861b2273fbfd","ts":"2026-04-29T11:38:53.358Z","eventName":"n8n.workflow.failed","message":"n8n.workflow.failed","payload":{"executionId":"21","success":false,"isManual":false,"mode":"webhook","workflowId":"3As2HFzKcJmtaWQ4","workflowName":"vonage-ai-triage-nurse","lastNodeExecuted":"Send SMS via Vonage","errorMessage":"access to env vars denied"}}
{"__type":"$$EventMessageConfirm","confirm":"89157056-0caf-4382-81f0-861b2273fbfd","ts":"2026-04-29T11:38:53.358Z","source":{"id":"0","name":"eventBus"}}
{"__type":"$$EventMessageAudit","id":"ae01119e-26e9-4579-b582-a3a054bc30b3","ts":"2026-04-29T11:38:53.816Z","eventName":"n8n.audit.workflow.executed","message":"n8n.audit.workflow.executed","payload":{"workflowId":"3As2HFzKcJmtaWQ4","workflowName":"vonage-ai-triage-nurse","executionId":"22","source":"webhook"}}
{"__type":"$$EventMessageConfirm","confirm":"ae01119e-26e9-4579-b582-a3a054bc30b3","ts":"2026-04-29T11:38:53.816Z","source":{"id":"0","name":"eventBus"}}
{"__type":"$$EventMessageWorkflow","id":"d8f426d9-a43a-4d09-9551-30aa06e33a7b","ts":"2026-04-29T11:38:53.816Z","eventName":"n8n.workflow.started","message":"n8n.workflow.started","payload":{"executionId":"22","workflowId":"3As2HFzKcJmtaWQ4","isManual":false,"mode":"webhook","workflowName":"vonage-ai-triage-nurse"}}
{"__type":"$$EventMessageConfirm","confirm":"d8f426d9-a43a-4d09-9551-30aa06e33a7b","ts":"2026-04-29T11:38:53.816Z","source":{"id":"0","name":"eventBus"}}
{"__type":"$$EventMessageNode","id":"3da03dfe-a5d6-4c03-a3bb-80713db7c305","ts":"2026-04-29T11:38:53.816Z","eventName":"n8n.node.started","message":"n8n.node.started","payload":{"workflowId":"3As2HFzKcJmtaWQ4","workflowName":"vonage-ai-triage-nurse","executionId":"22","nodeType":"n8n-nodes-base.webhook","nodeName":"Webhook Doctor Notify","nodeId":"591774a3-48f7-4445-a2e8-167f95c3af8b"}}
{"__type":"$$EventMessageConfirm","confirm":"3da03dfe-a5d6-4c03-a3bb-80713db7c305","ts":"2026-04-29T11:38:53.816Z","source":{"id":"0","name":"eventBus"}}
{"__type":"$$EventMessageNode","id":"9ddf67b5-5fd9-401f-97cf-8eaead435d20","ts":"2026-04-29T11:38:53.816Z","eventName":"n8n.node.finished","message":"n8n.node.finished","payload":{"workflowId":"3As2HFzKcJmtaWQ4","workflowName":"vonage-ai-triage-nurse","executionId":"22","nodeType":"n8n-nodes-base.webhook","nodeName":"Webhook Doctor Notify","nodeId":"591774a3-48f7-4445-a2e8-167f95c3af8b"}}
{"__type":"$$EventMessageConfirm","confirm":"9ddf67b5-5fd9-401f-97cf-8eaead435d20","ts":"2026-04-29T11:38:53.816Z","source":{"id":"0","name":"eventBus"}}
{"__type":"$$EventMessageNode","id":"c73864e6-255a-4e07-a95b-2ca48c07f534","ts":"2026-04-29T11:38:53.816Z","eventName":"n8n.node.started","message":"n8n.node.started","payload":{"workflowId":"3As2HFzKcJmtaWQ4","workflowName":"vonage-ai-triage-nurse","executionId":"22","nodeType":"n8n-nodes-base.respondToWebhook","nodeName":"Respond Doctor Notify","nodeId":"fc9fd104-fdf8-44c3-a4dd-19a0a2a81f4b"}}
{"__type":"$$EventMessageConfirm","confirm":"c73864e6-255a-4e07-a95b-2ca48c07f534","ts":"2026-04-29T11:38:53.816Z","source":{"id":"0","name":"eventBus"}}
{"__type":"$$EventMessageNode","id":"b3648dff-741a-44aa-a46e-5552114556f6","ts":"2026-04-29T11:38:53.817Z","eventName":"n8n.node.finished","message":"n8n.node.finished","payload":{"workflowId":"3As2HFzKcJmtaWQ4","workflowName":"vonage-ai-triage-nurse","executionId":"22","nodeType":"n8n-nodes-base.respondToWebhook","nodeName":"Respond Doctor Notify","nodeId":"fc9fd104-fdf8-44c3-a4dd-19a0a2a81f4b"}}
{"__type":"$$EventMessageConfirm","confirm":"b3648dff-741a-44aa-a46e-5552114556f6","ts":"2026-04-29T11:38:53.817Z","source":{"id":"0","name":"eventBus"}}
{"__type":"$$EventMessageWorkflow","id":"67031e51-96aa-4264-adc5-fa055f155489","ts":"2026-04-29T11:38:53.817Z","eventName":"n8n.workflow.success","message":"n8n.workflow.success","payload":{"executionId":"22","success":true,"isManual":false,"mode":"webhook","workflowId":"3As2HFzKcJmtaWQ4","workflowName":"vonage-ai-triage-nurse"}}
{"__type":"$$EventMessageConfirm","confirm":"67031e51-96aa-4264-adc5-fa055f155489","ts":"2026-04-29T11:38:53.817Z","source":{"id":"0","name":"eventBus"}}
{"__type":"$$EventMessageAudit","id":"c47c8bff-8a45-4ffc-b99e-4da43866f8b6","ts":"2026-04-29T11:38:53.838Z","eventName":"n8n.audit.workflow.executed","message":"n8n.audit.workflow.executed","payload":{"workflowId":"3As2HFzKcJmtaWQ4","workflowName":"vonage-ai-triage-nurse","executionId":"23","source":"webhook"}}
{"__type":"$$EventMessageConfirm","confirm":"c47c8bff-8a45-4ffc-b99e-4da43866f8b6","ts":"2026-04-29T11:38:53.838Z","source":{"id":"0","name":"eventBus"}}
{"__type":"$$EventMessageWorkflow","id":"4426811e-c60a-4f79-9fdd-19b44b8299e7","ts":"2026-04-29T11:38:53.838Z","eventName":"n8n.workflow.started","message":"n8n.workflow.started","payload":{"executionId":"23","workflowId":"3As2HFzKcJmtaWQ4","isManual":false,"mode":"webhook","workflowName":"vonage-ai-triage-nurse"}}
{"__type":"$$EventMessageConfirm","confirm":"4426811e-c60a-4f79-9fdd-19b44b8299e7","ts":"2026-04-29T11:38:53.838Z","source":{"id":"0","name":"eventBus"}}
{"__type":"$$EventMessageNode","id":"f7a7edf1-dbef-4c71-9991-4e60557595f2","ts":"2026-04-29T11:38:53.838Z","eventName":"n8n.node.started","message":"n8n.node.started","payload":{"workflowId":"3As2HFzKcJmtaWQ4","workflowName":"vonage-ai-triage-nurse","executionId":"23","nodeType":"n8n-nodes-base.webhook","nodeName":"Webhook SMS","nodeId":"b151229e-3664-4761-8636-d88658927c4d"}}
{"__type":"$$EventMessageConfirm","confirm":"f7a7edf1-dbef-4c71-9991-4e60557595f2","ts":"2026-04-29T11:38:53.838Z","source":{"id":"0","name":"eventBus"}}
{"__type":"$$EventMessageNode","id":"766537c4-1127-4bb6-9301-90a1ac9a9efb","ts":"2026-04-29T11:38:53.838Z","eventName":"n8n.node.finished","message":"n8n.node.finished","payload":{"workflowId":"3As2HFzKcJmtaWQ4","workflowName":"vonage-ai-triage-nurse","executionId":"23","nodeType":"n8n-nodes-base.webhook","nodeName":"Webhook SMS","nodeId":"b151229e-3664-4761-8636-d88658927c4d"}}
{"__type":"$$EventMessageConfirm","confirm":"766537c4-1127-4bb6-9301-90a1ac9a9efb","ts":"2026-04-29T11:38:53.838Z","source":{"id":"0","name":"eventBus"}}
{"__type":"$$EventMessageNode","id":"b035b4b0-7add-4206-849c-1f6b383c79a8","ts":"2026-04-29T11:38:53.838Z","eventName":"n8n.node.started","message":"n8n.node.started","payload":{"workflowId":"3As2HFzKcJmtaWQ4","workflowName":"vonage-ai-triage-nurse","executionId":"23","nodeType":"n8n-nodes-base.httpRequest","nodeName":"Send SMS via Vonage","nodeId":"4edafd61-0afa-4b73-a9c0-8971bc397ff5"}}
{"__type":"$$EventMessageConfirm","confirm":"b035b4b0-7add-4206-849c-1f6b383c79a8","ts":"2026-04-29T11:38:53.838Z","source":{"id":"0","name":"eventBus"}}
{"__type":"$$EventMessageNode","id":"992c7c42-b18d-49fc-b07e-f07ae966b60a","ts":"2026-04-29T11:38:53.838Z","eventName":"n8n.node.finished","message":"n8n.node.finished","payload":{"workflowId":"3As2HFzKcJmtaWQ4","workflowName":"vonage-ai-triage-nurse","executionId":"23","nodeType":"n8n-nodes-base.httpRequest","nodeName":"Send SMS via Vonage","nodeId":"4edafd61-0afa-4b73-a9c0-8971bc397ff5"}}
{"__type":"$$EventMessageConfirm","confirm":"992c7c42-b18d-49fc-b07e-f07ae966b60a","ts":"2026-04-29T11:38:53.838Z","source":{"id":"0","name":"eventBus"}}
{"__type":"$$EventMessageWorkflow","id":"77411edb-8b85-4a40-812b-8998a7bb1840","ts":"2026-04-29T11:38:53.838Z","eventName":"n8n.workflow.failed","message":"n8n.workflow.failed","payload":{"executionId":"23","success":false,"isManual":false,"mode":"webhook","workflowId":"3As2HFzKcJmtaWQ4","workflowName":"vonage-ai-triage-nurse","lastNodeExecuted":"Send SMS via Vonage","errorMessage":"access to env vars denied"}}
{"__type":"$$EventMessageConfirm","confirm":"77411edb-8b85-4a40-812b-8998a7bb1840","ts":"2026-04-29T11:38:53.838Z","source":{"id":"0","name":"eventBus"}}
