{"__type":"$$EventMessageAudit","id":"b1757fe3-3b50-4a73-92a4-91a50e95a07c","ts":"2026-04-27T15:03:59.685Z","eventName":"n8n.audit.workflow.deactivated","message":"n8n.audit.workflow.deactivated","payload":{"userId":"1848e3a7-a435-4d8c-82e4-30ef52dd64f2","_email":"varun.singh@vonage.com","_firstName":"Varun","_lastName":"Pratap Singh","globalRole":"global:owner","workflowId":"wB5D7uYF3yuHvEfw","workflowName":"vonage-shoe-store-audio-bot","deactivatedVersionId":"0d2eeff3-47f1-4b6d-b177-9e8c070b20c3"}}
{"__type":"$$EventMessageConfirm","confirm":"b1757fe3-3b50-4a73-92a4-91a50e95a07c","ts":"2026-04-27T15:03:59.686Z","source":{"id":"0","name":"eventBus"}}
{"__type":"$$EventMessageAudit","id":"add0e09b-e497-4b1e-bd18-3695f671cf28","ts":"2026-04-27T15:08:49.824Z","eventName":"n8n.audit.user.login.success","message":"n8n.audit.user.login.success","payload":{"userId":"1848e3a7-a435-4d8c-82e4-30ef52dd64f2","_email":"varun.singh@vonage.com","_firstName":"Varun","_lastName":"Pratap Singh","globalRole":"global:owner","authenticationMethod":"email"}}
{"__type":"$$EventMessageConfirm","confirm":"add0e09b-e497-4b1e-bd18-3695f671cf28","ts":"2026-04-27T15:08:49.824Z","source":{"id":"0","name":"eventBus"}}
{"__type":"$$EventMessageAudit","id":"795d8592-ce2f-4354-ace4-adc0eb5b743c","ts":"2026-04-27T15:09:04.406Z","eventName":"n8n.audit.workflow.created","message":"n8n.audit.workflow.created","payload":{"userId":"1848e3a7-a435-4d8c-82e4-30ef52dd64f2","_email":"varun.singh@vonage.com","_firstName":"Varun","_lastName":"Pratap Singh","globalRole":"global:owner","workflowId":"3GimhohvRxVVxDNY","workflowName":"vonage-shoe-store-audio-bot"}}
{"__type":"$$EventMessageConfirm","confirm":"795d8592-ce2f-4354-ace4-adc0eb5b743c","ts":"2026-04-27T15:09:04.406Z","source":{"id":"0","name":"eventBus"}}
{"__type":"$$EventMessageAudit","id":"ca96a6c2-bd74-474a-8e0b-a6d962adca65","ts":"2026-04-27T15:09:09.540Z","eventName":"n8n.audit.workflow.activated","message":"n8n.audit.workflow.activated","payload":{"userId":"1848e3a7-a435-4d8c-82e4-30ef52dd64f2","_email":"varun.singh@vonage.com","_firstName":"Varun","_lastName":"Pratap Singh","globalRole":"global:owner","workflowId":"3GimhohvRxVVxDNY","workflowName":"vonage-shoe-store-audio-bot","activeVersionId":"38c058ea-f37f-479e-8ac7-4aa039e5ee73"}}
{"__type":"$$EventMessageConfirm","confirm":"ca96a6c2-bd74-474a-8e0b-a6d962adca65","ts":"2026-04-27T15:09:09.540Z","source":{"id":"0","name":"eventBus"}}
{"__type":"$$EventMessageAudit","id":"12131cb3-6fac-4ad7-8b49-e8c88944e85c","ts":"2026-04-27T15:11:53.754Z","eventName":"n8n.audit.workflow.executed","message":"n8n.audit.workflow.executed","payload":{"workflowId":"3GimhohvRxVVxDNY","workflowName":"vonage-shoe-store-audio-bot","executionId":"28","source":"webhook"}}
{"__type":"$$EventMessageConfirm","confirm":"12131cb3-6fac-4ad7-8b49-e8c88944e85c","ts":"2026-04-27T15:11:53.755Z","source":{"id":"0","name":"eventBus"}}
{"__type":"$$EventMessageWorkflow","id":"59f040df-a5f9-44ae-8d80-d54fc46da1fa","ts":"2026-04-27T15:11:53.755Z","eventName":"n8n.workflow.started","message":"n8n.workflow.started","payload":{"executionId":"28","workflowId":"3GimhohvRxVVxDNY","isManual":false,"mode":"webhook","workflowName":"vonage-shoe-store-audio-bot"}}
{"__type":"$$EventMessageConfirm","confirm":"59f040df-a5f9-44ae-8d80-d54fc46da1fa","ts":"2026-04-27T15:11:53.755Z","source":{"id":"0","name":"eventBus"}}
{"__type":"$$EventMessageNode","id":"414a8e98-afe3-470b-bb4b-d1a946918eb4","ts":"2026-04-27T15:11:53.755Z","eventName":"n8n.node.started","message":"n8n.node.started","payload":{"workflowId":"3GimhohvRxVVxDNY","workflowName":"vonage-shoe-store-audio-bot","executionId":"28","nodeType":"n8n-nodes-base.webhook","nodeName":"Webhook Transcript","nodeId":"2906d817-9dac-4abe-96b1-16c84aa5b1cb"}}
{"__type":"$$EventMessageConfirm","confirm":"414a8e98-afe3-470b-bb4b-d1a946918eb4","ts":"2026-04-27T15:11:53.755Z","source":{"id":"0","name":"eventBus"}}
{"__type":"$$EventMessageNode","id":"54e7de15-cef0-4f6b-b9ee-3651cdb9f8ee","ts":"2026-04-27T15:11:53.755Z","eventName":"n8n.node.finished","message":"n8n.node.finished","payload":{"workflowId":"3GimhohvRxVVxDNY","workflowName":"vonage-shoe-store-audio-bot","executionId":"28","nodeType":"n8n-nodes-base.webhook","nodeName":"Webhook Transcript","nodeId":"2906d817-9dac-4abe-96b1-16c84aa5b1cb"}}
{"__type":"$$EventMessageConfirm","confirm":"54e7de15-cef0-4f6b-b9ee-3651cdb9f8ee","ts":"2026-04-27T15:11:53.756Z","source":{"id":"0","name":"eventBus"}}
{"__type":"$$EventMessageNode","id":"2986ab24-6666-4585-877c-3f6c00168e57","ts":"2026-04-27T15:11:53.756Z","eventName":"n8n.node.started","message":"n8n.node.started","payload":{"workflowId":"3GimhohvRxVVxDNY","workflowName":"vonage-shoe-store-audio-bot","executionId":"28","nodeType":"n8n-nodes-base.respondToWebhook","nodeName":"Respond Transcript","nodeId":"f19dc415-7ee5-4c13-af27-731deb5f57f1"}}
{"__type":"$$EventMessageConfirm","confirm":"2986ab24-6666-4585-877c-3f6c00168e57","ts":"2026-04-27T15:11:53.756Z","source":{"id":"0","name":"eventBus"}}
{"__type":"$$EventMessageNode","id":"b7b7bb67-4ddd-48c6-b5f5-3bf9a63983ca","ts":"2026-04-27T15:11:53.761Z","eventName":"n8n.node.finished","message":"n8n.node.finished","payload":{"workflowId":"3GimhohvRxVVxDNY","workflowName":"vonage-shoe-store-audio-bot","executionId":"28","nodeType":"n8n-nodes-base.respondToWebhook","nodeName":"Respond Transcript","nodeId":"f19dc415-7ee5-4c13-af27-731deb5f57f1"}}
{"__type":"$$EventMessageConfirm","confirm":"b7b7bb67-4ddd-48c6-b5f5-3bf9a63983ca","ts":"2026-04-27T15:11:53.761Z","source":{"id":"0","name":"eventBus"}}
{"__type":"$$EventMessageWorkflow","id":"3957fde6-81cc-484f-836f-57cb1b1d8f64","ts":"2026-04-27T15:11:53.762Z","eventName":"n8n.workflow.success","message":"n8n.workflow.success","payload":{"executionId":"28","success":true,"isManual":false,"mode":"webhook","workflowId":"3GimhohvRxVVxDNY","workflowName":"vonage-shoe-store-audio-bot"}}
{"__type":"$$EventMessageConfirm","confirm":"3957fde6-81cc-484f-836f-57cb1b1d8f64","ts":"2026-04-27T15:11:53.762Z","source":{"id":"0","name":"eventBus"}}
{"__type":"$$EventMessageAudit","id":"0e337ae7-45f6-4082-bc2e-4df446cd7030","ts":"2026-04-27T15:11:55.082Z","eventName":"n8n.audit.workflow.executed","message":"n8n.audit.workflow.executed","payload":{"workflowId":"3GimhohvRxVVxDNY","workflowName":"vonage-shoe-store-audio-bot","executionId":"29","source":"webhook"}}
{"__type":"$$EventMessageConfirm","confirm":"0e337ae7-45f6-4082-bc2e-4df446cd7030","ts":"2026-04-27T15:11:55.082Z","source":{"id":"0","name":"eventBus"}}
{"__type":"$$EventMessageWorkflow","id":"ddda87db-7516-4964-844b-ed27c639ee1e","ts":"2026-04-27T15:11:55.082Z","eventName":"n8n.workflow.started","message":"n8n.workflow.started","payload":{"executionId":"29","workflowId":"3GimhohvRxVVxDNY","isManual":false,"mode":"webhook","workflowName":"vonage-shoe-store-audio-bot"}}
{"__type":"$$EventMessageConfirm","confirm":"ddda87db-7516-4964-844b-ed27c639ee1e","ts":"2026-04-27T15:11:55.082Z","source":{"id":"0","name":"eventBus"}}
{"__type":"$$EventMessageNode","id":"3c9d69d1-3403-4453-82dd-a9aa14b0020f","ts":"2026-04-27T15:11:55.083Z","eventName":"n8n.node.started","message":"n8n.node.started","payload":{"workflowId":"3GimhohvRxVVxDNY","workflowName":"vonage-shoe-store-audio-bot","executionId":"29","nodeType":"n8n-nodes-base.webhook","nodeName":"Webhook Inventory","nodeId":"208f686f-487c-4925-863b-0f7c1436010f"}}
{"__type":"$$EventMessageConfirm","confirm":"3c9d69d1-3403-4453-82dd-a9aa14b0020f","ts":"2026-04-27T15:11:55.083Z","source":{"id":"0","name":"eventBus"}}
{"__type":"$$EventMessageNode","id":"9c151924-f134-4c1e-8915-197133c66453","ts":"2026-04-27T15:11:55.083Z","eventName":"n8n.node.finished","message":"n8n.node.finished","payload":{"workflowId":"3GimhohvRxVVxDNY","workflowName":"vonage-shoe-store-audio-bot","executionId":"29","nodeType":"n8n-nodes-base.webhook","nodeName":"Webhook Inventory","nodeId":"208f686f-487c-4925-863b-0f7c1436010f"}}
{"__type":"$$EventMessageConfirm","confirm":"9c151924-f134-4c1e-8915-197133c66453","ts":"2026-04-27T15:11:55.083Z","source":{"id":"0","name":"eventBus"}}
{"__type":"$$EventMessageNode","id":"cb51942e-0f41-48cd-9306-1b3c417ecdd1","ts":"2026-04-27T15:11:55.083Z","eventName":"n8n.node.started","message":"n8n.node.started","payload":{"workflowId":"3GimhohvRxVVxDNY","workflowName":"vonage-shoe-store-audio-bot","executionId":"29","nodeType":"n8n-nodes-base.code","nodeName":"Code Inventory","nodeId":"0f91c38d-d2c2-47d7-975c-101b333bd452"}}
{"__type":"$$EventMessageConfirm","confirm":"cb51942e-0f41-48cd-9306-1b3c417ecdd1","ts":"2026-04-27T15:11:55.083Z","source":{"id":"0","name":"eventBus"}}
{"__type":"$$EventMessageRunner","id":"1cdbef3a-7d72-4bc2-91cd-21a47fea5c90","ts":"2026-04-27T15:11:55.085Z","eventName":"n8n.runner.task.requested","message":"n8n.runner.task.requested","payload":{"taskId":"_41bcrIk","nodeId":"0f91c38d-d2c2-47d7-975c-101b333bd452","workflowId":"3GimhohvRxVVxDNY","executionId":"29"}}
{"__type":"$$EventMessageConfirm","confirm":"1cdbef3a-7d72-4bc2-91cd-21a47fea5c90","ts":"2026-04-27T15:11:55.085Z","source":{"id":"0","name":"eventBus"}}
{"__type":"$$EventMessageRunner","id":"8aee7043-2b25-4c2c-9635-449645cf2a30","ts":"2026-04-27T15:11:55.120Z","eventName":"n8n.runner.response.received","message":"n8n.runner.response.received","payload":{"taskId":"_41bcrIk","nodeId":"0f91c38d-d2c2-47d7-975c-101b333bd452","workflowId":"3GimhohvRxVVxDNY","executionId":"29"}}
{"__type":"$$EventMessageConfirm","confirm":"8aee7043-2b25-4c2c-9635-449645cf2a30","ts":"2026-04-27T15:11:55.120Z","source":{"id":"0","name":"eventBus"}}
{"__type":"$$EventMessageNode","id":"5e6aa8ae-3670-40d8-aea0-e79710ddb98c","ts":"2026-04-27T15:11:55.120Z","eventName":"n8n.node.finished","message":"n8n.node.finished","payload":{"workflowId":"3GimhohvRxVVxDNY","workflowName":"vonage-shoe-store-audio-bot","executionId":"29","nodeType":"n8n-nodes-base.code","nodeName":"Code Inventory","nodeId":"0f91c38d-d2c2-47d7-975c-101b333bd452"}}
{"__type":"$$EventMessageConfirm","confirm":"5e6aa8ae-3670-40d8-aea0-e79710ddb98c","ts":"2026-04-27T15:11:55.120Z","source":{"id":"0","name":"eventBus"}}
{"__type":"$$EventMessageNode","id":"7e0d2145-55f4-4731-8abf-749e7278ad1a","ts":"2026-04-27T15:11:55.121Z","eventName":"n8n.node.started","message":"n8n.node.started","payload":{"workflowId":"3GimhohvRxVVxDNY","workflowName":"vonage-shoe-store-audio-bot","executionId":"29","nodeType":"n8n-nodes-base.respondToWebhook","nodeName":"Respond Inventory","nodeId":"f53f9d60-0f5a-4182-bcbc-cefac3604e94"}}
{"__type":"$$EventMessageConfirm","confirm":"7e0d2145-55f4-4731-8abf-749e7278ad1a","ts":"2026-04-27T15:11:55.121Z","source":{"id":"0","name":"eventBus"}}
{"__type":"$$EventMessageNode","id":"9eb9452c-1fda-494c-bf4a-8a1b8035e150","ts":"2026-04-27T15:11:55.123Z","eventName":"n8n.node.finished","message":"n8n.node.finished","payload":{"workflowId":"3GimhohvRxVVxDNY","workflowName":"vonage-shoe-store-audio-bot","executionId":"29","nodeType":"n8n-nodes-base.respondToWebhook","nodeName":"Respond Inventory","nodeId":"f53f9d60-0f5a-4182-bcbc-cefac3604e94"}}
{"__type":"$$EventMessageConfirm","confirm":"9eb9452c-1fda-494c-bf4a-8a1b8035e150","ts":"2026-04-27T15:11:55.123Z","source":{"id":"0","name":"eventBus"}}
{"__type":"$$EventMessageWorkflow","id":"6e6d1d3c-f5f8-4202-a801-21bb45e0ad15","ts":"2026-04-27T15:11:55.123Z","eventName":"n8n.workflow.success","message":"n8n.workflow.success","payload":{"executionId":"29","success":true,"isManual":false,"mode":"webhook","workflowId":"3GimhohvRxVVxDNY","workflowName":"vonage-shoe-store-audio-bot"}}
{"__type":"$$EventMessageConfirm","confirm":"6e6d1d3c-f5f8-4202-a801-21bb45e0ad15","ts":"2026-04-27T15:11:55.123Z","source":{"id":"0","name":"eventBus"}}
{"__type":"$$EventMessageAudit","id":"4e7e4118-43ca-4249-960e-16672eedf059","ts":"2026-04-27T15:12:15.027Z","eventName":"n8n.audit.workflow.executed","message":"n8n.audit.workflow.executed","payload":{"workflowId":"3GimhohvRxVVxDNY","workflowName":"vonage-shoe-store-audio-bot","executionId":"30","source":"webhook"}}
{"__type":"$$EventMessageConfirm","confirm":"4e7e4118-43ca-4249-960e-16672eedf059","ts":"2026-04-27T15:12:15.027Z","source":{"id":"0","name":"eventBus"}}
{"__type":"$$EventMessageWorkflow","id":"9b36ef6f-126c-4cf3-8abf-b5e4af9dfe0a","ts":"2026-04-27T15:12:15.027Z","eventName":"n8n.workflow.started","message":"n8n.workflow.started","payload":{"executionId":"30","workflowId":"3GimhohvRxVVxDNY","isManual":false,"mode":"webhook","workflowName":"vonage-shoe-store-audio-bot"}}
{"__type":"$$EventMessageConfirm","confirm":"9b36ef6f-126c-4cf3-8abf-b5e4af9dfe0a","ts":"2026-04-27T15:12:15.027Z","source":{"id":"0","name":"eventBus"}}
{"__type":"$$EventMessageNode","id":"a779f939-ad9f-42a8-a26f-43d71ba868f3","ts":"2026-04-27T15:12:15.027Z","eventName":"n8n.node.started","message":"n8n.node.started","payload":{"workflowId":"3GimhohvRxVVxDNY","workflowName":"vonage-shoe-store-audio-bot","executionId":"30","nodeType":"n8n-nodes-base.webhook","nodeName":"Webhook Order","nodeId":"54c9703d-35d1-4742-8aa2-9dbce5909093"}}
{"__type":"$$EventMessageConfirm","confirm":"a779f939-ad9f-42a8-a26f-43d71ba868f3","ts":"2026-04-27T15:12:15.027Z","source":{"id":"0","name":"eventBus"}}
{"__type":"$$EventMessageNode","id":"ffdb9117-8abe-4bae-98db-8f69f532bc07","ts":"2026-04-27T15:12:15.027Z","eventName":"n8n.node.finished","message":"n8n.node.finished","payload":{"workflowId":"3GimhohvRxVVxDNY","workflowName":"vonage-shoe-store-audio-bot","executionId":"30","nodeType":"n8n-nodes-base.webhook","nodeName":"Webhook Order","nodeId":"54c9703d-35d1-4742-8aa2-9dbce5909093"}}
{"__type":"$$EventMessageConfirm","confirm":"ffdb9117-8abe-4bae-98db-8f69f532bc07","ts":"2026-04-27T15:12:15.027Z","source":{"id":"0","name":"eventBus"}}
{"__type":"$$EventMessageNode","id":"d1f92d22-a2c4-4be3-af89-68afd02a42c3","ts":"2026-04-27T15:12:15.028Z","eventName":"n8n.node.started","message":"n8n.node.started","payload":{"workflowId":"3GimhohvRxVVxDNY","workflowName":"vonage-shoe-store-audio-bot","executionId":"30","nodeType":"n8n-nodes-base.code","nodeName":"Code Order","nodeId":"220078fc-b88e-4baf-a6d5-354e9056f295"}}
{"__type":"$$EventMessageConfirm","confirm":"d1f92d22-a2c4-4be3-af89-68afd02a42c3","ts":"2026-04-27T15:12:15.028Z","source":{"id":"0","name":"eventBus"}}
{"__type":"$$EventMessageRunner","id":"a6a33e3c-6157-4ef9-ba04-bf2573997aca","ts":"2026-04-27T15:12:15.029Z","eventName":"n8n.runner.task.requested","message":"n8n.runner.task.requested","payload":{"taskId":"sEkX3ja_","nodeId":"220078fc-b88e-4baf-a6d5-354e9056f295","workflowId":"3GimhohvRxVVxDNY","executionId":"30"}}
{"__type":"$$EventMessageConfirm","confirm":"a6a33e3c-6157-4ef9-ba04-bf2573997aca","ts":"2026-04-27T15:12:15.029Z","source":{"id":"0","name":"eventBus"}}
{"__type":"$$EventMessageRunner","id":"1261882a-f540-4c10-b3fb-2f1fbce150de","ts":"2026-04-27T15:12:15.036Z","eventName":"n8n.runner.response.received","message":"n8n.runner.response.received","payload":{"taskId":"sEkX3ja_","nodeId":"220078fc-b88e-4baf-a6d5-354e9056f295","workflowId":"3GimhohvRxVVxDNY","executionId":"30"}}
{"__type":"$$EventMessageConfirm","confirm":"1261882a-f540-4c10-b3fb-2f1fbce150de","ts":"2026-04-27T15:12:15.036Z","source":{"id":"0","name":"eventBus"}}
{"__type":"$$EventMessageNode","id":"52444ef3-b214-4a70-9192-acbf5e3ca3e9","ts":"2026-04-27T15:12:15.037Z","eventName":"n8n.node.finished","message":"n8n.node.finished","payload":{"workflowId":"3GimhohvRxVVxDNY","workflowName":"vonage-shoe-store-audio-bot","executionId":"30","nodeType":"n8n-nodes-base.code","nodeName":"Code Order","nodeId":"220078fc-b88e-4baf-a6d5-354e9056f295"}}
{"__type":"$$EventMessageConfirm","confirm":"52444ef3-b214-4a70-9192-acbf5e3ca3e9","ts":"2026-04-27T15:12:15.037Z","source":{"id":"0","name":"eventBus"}}
{"__type":"$$EventMessageNode","id":"a7fa8025-26c9-4fee-b0f2-5a073fd38c2a","ts":"2026-04-27T15:12:15.037Z","eventName":"n8n.node.started","message":"n8n.node.started","payload":{"workflowId":"3GimhohvRxVVxDNY","workflowName":"vonage-shoe-store-audio-bot","executionId":"30","nodeType":"n8n-nodes-base.respondToWebhook","nodeName":"Respond Order","nodeId":"c1b298c7-db0d-4e05-ba5a-d8d26367d161"}}
{"__type":"$$EventMessageConfirm","confirm":"a7fa8025-26c9-4fee-b0f2-5a073fd38c2a","ts":"2026-04-27T15:12:15.037Z","source":{"id":"0","name":"eventBus"}}
{"__type":"$$EventMessageNode","id":"7e9b45bd-842a-40f6-9e93-86080de9babd","ts":"2026-04-27T15:12:15.037Z","eventName":"n8n.node.finished","message":"n8n.node.finished","payload":{"workflowId":"3GimhohvRxVVxDNY","workflowName":"vonage-shoe-store-audio-bot","executionId":"30","nodeType":"n8n-nodes-base.respondToWebhook","nodeName":"Respond Order","nodeId":"c1b298c7-db0d-4e05-ba5a-d8d26367d161"}}
{"__type":"$$EventMessageConfirm","confirm":"7e9b45bd-842a-40f6-9e93-86080de9babd","ts":"2026-04-27T15:12:15.037Z","source":{"id":"0","name":"eventBus"}}
{"__type":"$$EventMessageWorkflow","id":"26e933bf-1c6c-42c5-b565-c30561a0cb5f","ts":"2026-04-27T15:12:15.038Z","eventName":"n8n.workflow.success","message":"n8n.workflow.success","payload":{"executionId":"30","success":true,"isManual":false,"mode":"webhook","workflowId":"3GimhohvRxVVxDNY","workflowName":"vonage-shoe-store-audio-bot"}}
{"__type":"$$EventMessageConfirm","confirm":"26e933bf-1c6c-42c5-b565-c30561a0cb5f","ts":"2026-04-27T15:12:15.038Z","source":{"id":"0","name":"eventBus"}}
{"__type":"$$EventMessageAudit","id":"de2b3bd9-fa8a-41a9-8673-12066776cc0d","ts":"2026-04-27T15:13:02.299Z","eventName":"n8n.audit.workflow.executed","message":"n8n.audit.workflow.executed","payload":{"workflowId":"3GimhohvRxVVxDNY","workflowName":"vonage-shoe-store-audio-bot","executionId":"31","source":"webhook"}}
{"__type":"$$EventMessageConfirm","confirm":"de2b3bd9-fa8a-41a9-8673-12066776cc0d","ts":"2026-04-27T15:13:02.299Z","source":{"id":"0","name":"eventBus"}}
{"__type":"$$EventMessageWorkflow","id":"df17a20b-e11b-44a5-a4cd-86896a2df334","ts":"2026-04-27T15:13:02.299Z","eventName":"n8n.workflow.started","message":"n8n.workflow.started","payload":{"executionId":"31","workflowId":"3GimhohvRxVVxDNY","isManual":false,"mode":"webhook","workflowName":"vonage-shoe-store-audio-bot"}}
{"__type":"$$EventMessageConfirm","confirm":"df17a20b-e11b-44a5-a4cd-86896a2df334","ts":"2026-04-27T15:13:02.300Z","source":{"id":"0","name":"eventBus"}}
{"__type":"$$EventMessageNode","id":"965fce3a-5be4-4eee-b7c3-f4bc5328f3ac","ts":"2026-04-27T15:13:02.300Z","eventName":"n8n.node.started","message":"n8n.node.started","payload":{"workflowId":"3GimhohvRxVVxDNY","workflowName":"vonage-shoe-store-audio-bot","executionId":"31","nodeType":"n8n-nodes-base.webhook","nodeName":"Webhook Pickup","nodeId":"d019739f-8845-4c93-bc51-4f18b115ded8"}}
{"__type":"$$EventMessageConfirm","confirm":"965fce3a-5be4-4eee-b7c3-f4bc5328f3ac","ts":"2026-04-27T15:13:02.300Z","source":{"id":"0","name":"eventBus"}}
{"__type":"$$EventMessageNode","id":"146592e0-f0d2-4079-90e9-3646c87c6ae9","ts":"2026-04-27T15:13:02.300Z","eventName":"n8n.node.finished","message":"n8n.node.finished","payload":{"workflowId":"3GimhohvRxVVxDNY","workflowName":"vonage-shoe-store-audio-bot","executionId":"31","nodeType":"n8n-nodes-base.webhook","nodeName":"Webhook Pickup","nodeId":"d019739f-8845-4c93-bc51-4f18b115ded8"}}
{"__type":"$$EventMessageConfirm","confirm":"146592e0-f0d2-4079-90e9-3646c87c6ae9","ts":"2026-04-27T15:13:02.300Z","source":{"id":"0","name":"eventBus"}}
{"__type":"$$EventMessageNode","id":"3c261985-6146-4dcc-9c3b-3b81dd3a23da","ts":"2026-04-27T15:13:02.300Z","eventName":"n8n.node.started","message":"n8n.node.started","payload":{"workflowId":"3GimhohvRxVVxDNY","workflowName":"vonage-shoe-store-audio-bot","executionId":"31","nodeType":"n8n-nodes-base.code","nodeName":"Code Pickup","nodeId":"a35a1252-79fd-43f8-b35d-05b0b0937715"}}
{"__type":"$$EventMessageConfirm","confirm":"3c261985-6146-4dcc-9c3b-3b81dd3a23da","ts":"2026-04-27T15:13:02.300Z","source":{"id":"0","name":"eventBus"}}
{"__type":"$$EventMessageRunner","id":"a3bbdf26-4bcc-43aa-bc31-f3bd41cce0c8","ts":"2026-04-27T15:13:02.302Z","eventName":"n8n.runner.task.requested","message":"n8n.runner.task.requested","payload":{"taskId":"VLqt_-2d","nodeId":"a35a1252-79fd-43f8-b35d-05b0b0937715","workflowId":"3GimhohvRxVVxDNY","executionId":"31"}}
{"__type":"$$EventMessageConfirm","confirm":"a3bbdf26-4bcc-43aa-bc31-f3bd41cce0c8","ts":"2026-04-27T15:13:02.302Z","source":{"id":"0","name":"eventBus"}}
{"__type":"$$EventMessageRunner","id":"58daa9e1-46a1-42aa-ac3c-71626f15ccec","ts":"2026-04-27T15:13:02.316Z","eventName":"n8n.runner.response.received","message":"n8n.runner.response.received","payload":{"taskId":"VLqt_-2d","nodeId":"a35a1252-79fd-43f8-b35d-05b0b0937715","workflowId":"3GimhohvRxVVxDNY","executionId":"31"}}
{"__type":"$$EventMessageConfirm","confirm":"58daa9e1-46a1-42aa-ac3c-71626f15ccec","ts":"2026-04-27T15:13:02.316Z","source":{"id":"0","name":"eventBus"}}
{"__type":"$$EventMessageNode","id":"b5170738-b185-4fa6-8323-1722b8c6a73f","ts":"2026-04-27T15:13:02.317Z","eventName":"n8n.node.finished","message":"n8n.node.finished","payload":{"workflowId":"3GimhohvRxVVxDNY","workflowName":"vonage-shoe-store-audio-bot","executionId":"31","nodeType":"n8n-nodes-base.code","nodeName":"Code Pickup","nodeId":"a35a1252-79fd-43f8-b35d-05b0b0937715"}}
{"__type":"$$EventMessageConfirm","confirm":"b5170738-b185-4fa6-8323-1722b8c6a73f","ts":"2026-04-27T15:13:02.317Z","source":{"id":"0","name":"eventBus"}}
{"__type":"$$EventMessageNode","id":"20a28db3-b1a3-439e-a386-6e5133b2a75d","ts":"2026-04-27T15:13:02.317Z","eventName":"n8n.node.started","message":"n8n.node.started","payload":{"workflowId":"3GimhohvRxVVxDNY","workflowName":"vonage-shoe-store-audio-bot","executionId":"31","nodeType":"n8n-nodes-base.respondToWebhook","nodeName":"Respond Pickup","nodeId":"c35491bd-a07e-421b-b155-ac2f00d5a33a"}}
{"__type":"$$EventMessageConfirm","confirm":"20a28db3-b1a3-439e-a386-6e5133b2a75d","ts":"2026-04-27T15:13:02.317Z","source":{"id":"0","name":"eventBus"}}
{"__type":"$$EventMessageNode","id":"3a84dfb9-d0ce-4cf8-826f-da67d88264fb","ts":"2026-04-27T15:13:02.317Z","eventName":"n8n.node.finished","message":"n8n.node.finished","payload":{"workflowId":"3GimhohvRxVVxDNY","workflowName":"vonage-shoe-store-audio-bot","executionId":"31","nodeType":"n8n-nodes-base.respondToWebhook","nodeName":"Respond Pickup","nodeId":"c35491bd-a07e-421b-b155-ac2f00d5a33a"}}
{"__type":"$$EventMessageConfirm","confirm":"3a84dfb9-d0ce-4cf8-826f-da67d88264fb","ts":"2026-04-27T15:13:02.317Z","source":{"id":"0","name":"eventBus"}}
{"__type":"$$EventMessageWorkflow","id":"214b048f-bc34-41b1-a3eb-17cf22acd8fe","ts":"2026-04-27T15:13:02.318Z","eventName":"n8n.workflow.success","message":"n8n.workflow.success","payload":{"executionId":"31","success":true,"isManual":false,"mode":"webhook","workflowId":"3GimhohvRxVVxDNY","workflowName":"vonage-shoe-store-audio-bot"}}
{"__type":"$$EventMessageConfirm","confirm":"214b048f-bc34-41b1-a3eb-17cf22acd8fe","ts":"2026-04-27T15:13:02.318Z","source":{"id":"0","name":"eventBus"}}
{"__type":"$$EventMessageAudit","id":"8cf2e1bd-d1f2-4b13-9b33-885c9d8b0d1a","ts":"2026-04-27T15:13:04.048Z","eventName":"n8n.audit.workflow.executed","message":"n8n.audit.workflow.executed","payload":{"workflowId":"3GimhohvRxVVxDNY","workflowName":"vonage-shoe-store-audio-bot","executionId":"32","source":"webhook"}}
{"__type":"$$EventMessageConfirm","confirm":"8cf2e1bd-d1f2-4b13-9b33-885c9d8b0d1a","ts":"2026-04-27T15:13:04.049Z","source":{"id":"0","name":"eventBus"}}
{"__type":"$$EventMessageWorkflow","id":"8036dd00-7af7-4910-b3b6-5023576a8bc2","ts":"2026-04-27T15:13:04.049Z","eventName":"n8n.workflow.started","message":"n8n.workflow.started","payload":{"executionId":"32","workflowId":"3GimhohvRxVVxDNY","isManual":false,"mode":"webhook","workflowName":"vonage-shoe-store-audio-bot"}}
{"__type":"$$EventMessageConfirm","confirm":"8036dd00-7af7-4910-b3b6-5023576a8bc2","ts":"2026-04-27T15:13:04.049Z","source":{"id":"0","name":"eventBus"}}
{"__type":"$$EventMessageNode","id":"bf2ba03f-a89e-439f-a5f0-658576a2f1a9","ts":"2026-04-27T15:13:04.049Z","eventName":"n8n.node.started","message":"n8n.node.started","payload":{"workflowId":"3GimhohvRxVVxDNY","workflowName":"vonage-shoe-store-audio-bot","executionId":"32","nodeType":"n8n-nodes-base.webhook","nodeName":"Webhook SMS","nodeId":"f0f55738-d274-4610-a6c8-2e4fbba24d4f"}}
{"__type":"$$EventMessageConfirm","confirm":"bf2ba03f-a89e-439f-a5f0-658576a2f1a9","ts":"2026-04-27T15:13:04.049Z","source":{"id":"0","name":"eventBus"}}
{"__type":"$$EventMessageNode","id":"af56b9c9-6c89-4689-9288-8bcbde237587","ts":"2026-04-27T15:13:04.049Z","eventName":"n8n.node.finished","message":"n8n.node.finished","payload":{"workflowId":"3GimhohvRxVVxDNY","workflowName":"vonage-shoe-store-audio-bot","executionId":"32","nodeType":"n8n-nodes-base.webhook","nodeName":"Webhook SMS","nodeId":"f0f55738-d274-4610-a6c8-2e4fbba24d4f"}}
{"__type":"$$EventMessageConfirm","confirm":"af56b9c9-6c89-4689-9288-8bcbde237587","ts":"2026-04-27T15:13:04.049Z","source":{"id":"0","name":"eventBus"}}
{"__type":"$$EventMessageNode","id":"d682aa9f-c99d-439e-95af-c0adbe13b74b","ts":"2026-04-27T15:13:04.049Z","eventName":"n8n.node.started","message":"n8n.node.started","payload":{"workflowId":"3GimhohvRxVVxDNY","workflowName":"vonage-shoe-store-audio-bot","executionId":"32","nodeType":"n8n-nodes-base.httpRequest","nodeName":"Send SMS via Vonage","nodeId":"3dfd3516-cf8d-4b9b-86d0-2f47f8a91a9b"}}
{"__type":"$$EventMessageConfirm","confirm":"d682aa9f-c99d-439e-95af-c0adbe13b74b","ts":"2026-04-27T15:13:04.049Z","source":{"id":"0","name":"eventBus"}}
{"__type":"$$EventMessageNode","id":"815df48d-5f2a-4b15-8a4f-ad946b0f2123","ts":"2026-04-27T15:13:04.065Z","eventName":"n8n.node.finished","message":"n8n.node.finished","payload":{"workflowId":"3GimhohvRxVVxDNY","workflowName":"vonage-shoe-store-audio-bot","executionId":"32","nodeType":"n8n-nodes-base.httpRequest","nodeName":"Send SMS via Vonage","nodeId":"3dfd3516-cf8d-4b9b-86d0-2f47f8a91a9b"}}
{"__type":"$$EventMessageConfirm","confirm":"815df48d-5f2a-4b15-8a4f-ad946b0f2123","ts":"2026-04-27T15:13:04.065Z","source":{"id":"0","name":"eventBus"}}
{"__type":"$$EventMessageWorkflow","id":"ce9c0c06-80e0-46ba-b439-fb7dec87935c","ts":"2026-04-27T15:13:04.065Z","eventName":"n8n.workflow.failed","message":"n8n.workflow.failed","payload":{"executionId":"32","success":false,"isManual":false,"mode":"webhook","workflowId":"3GimhohvRxVVxDNY","workflowName":"vonage-shoe-store-audio-bot","lastNodeExecuted":"Send SMS via Vonage","errorMessage":"access to env vars denied"}}
{"__type":"$$EventMessageConfirm","confirm":"ce9c0c06-80e0-46ba-b439-fb7dec87935c","ts":"2026-04-27T15:13:04.065Z","source":{"id":"0","name":"eventBus"}}
{"__type":"$$EventMessageAudit","id":"2668c1e1-0b5a-4d2a-8fa9-06b1cf74c17c","ts":"2026-04-27T15:13:06.917Z","eventName":"n8n.audit.workflow.executed","message":"n8n.audit.workflow.executed","payload":{"workflowId":"3GimhohvRxVVxDNY","workflowName":"vonage-shoe-store-audio-bot","executionId":"33","source":"webhook"}}
{"__type":"$$EventMessageConfirm","confirm":"2668c1e1-0b5a-4d2a-8fa9-06b1cf74c17c","ts":"2026-04-27T15:13:06.917Z","source":{"id":"0","name":"eventBus"}}
{"__type":"$$EventMessageWorkflow","id":"cceab614-2f04-4a4f-840a-be0a76668c9e","ts":"2026-04-27T15:13:06.917Z","eventName":"n8n.workflow.started","message":"n8n.workflow.started","payload":{"executionId":"33","workflowId":"3GimhohvRxVVxDNY","isManual":false,"mode":"webhook","workflowName":"vonage-shoe-store-audio-bot"}}
{"__type":"$$EventMessageConfirm","confirm":"cceab614-2f04-4a4f-840a-be0a76668c9e","ts":"2026-04-27T15:13:06.917Z","source":{"id":"0","name":"eventBus"}}
{"__type":"$$EventMessageNode","id":"68e06f43-2a05-46cf-b4c0-937a89ae17b6","ts":"2026-04-27T15:13:06.917Z","eventName":"n8n.node.started","message":"n8n.node.started","payload":{"workflowId":"3GimhohvRxVVxDNY","workflowName":"vonage-shoe-store-audio-bot","executionId":"33","nodeType":"n8n-nodes-base.webhook","nodeName":"Webhook Transcript","nodeId":"2906d817-9dac-4abe-96b1-16c84aa5b1cb"}}
{"__type":"$$EventMessageConfirm","confirm":"68e06f43-2a05-46cf-b4c0-937a89ae17b6","ts":"2026-04-27T15:13:06.917Z","source":{"id":"0","name":"eventBus"}}
{"__type":"$$EventMessageNode","id":"ac303f7d-e99d-4dbe-a806-6b5000d080f5","ts":"2026-04-27T15:13:06.917Z","eventName":"n8n.node.finished","message":"n8n.node.finished","payload":{"workflowId":"3GimhohvRxVVxDNY","workflowName":"vonage-shoe-store-audio-bot","executionId":"33","nodeType":"n8n-nodes-base.webhook","nodeName":"Webhook Transcript","nodeId":"2906d817-9dac-4abe-96b1-16c84aa5b1cb"}}
{"__type":"$$EventMessageConfirm","confirm":"ac303f7d-e99d-4dbe-a806-6b5000d080f5","ts":"2026-04-27T15:13:06.917Z","source":{"id":"0","name":"eventBus"}}
{"__type":"$$EventMessageNode","id":"610e2dfc-fb98-468b-afc5-6eb24c3f798c","ts":"2026-04-27T15:13:06.917Z","eventName":"n8n.node.started","message":"n8n.node.started","payload":{"workflowId":"3GimhohvRxVVxDNY","workflowName":"vonage-shoe-store-audio-bot","executionId":"33","nodeType":"n8n-nodes-base.respondToWebhook","nodeName":"Respond Transcript","nodeId":"f19dc415-7ee5-4c13-af27-731deb5f57f1"}}
{"__type":"$$EventMessageConfirm","confirm":"610e2dfc-fb98-468b-afc5-6eb24c3f798c","ts":"2026-04-27T15:13:06.917Z","source":{"id":"0","name":"eventBus"}}
{"__type":"$$EventMessageNode","id":"c0f3ab1a-2445-4ea0-b2c5-8b0825b8d709","ts":"2026-04-27T15:13:06.918Z","eventName":"n8n.node.finished","message":"n8n.node.finished","payload":{"workflowId":"3GimhohvRxVVxDNY","workflowName":"vonage-shoe-store-audio-bot","executionId":"33","nodeType":"n8n-nodes-base.respondToWebhook","nodeName":"Respond Transcript","nodeId":"f19dc415-7ee5-4c13-af27-731deb5f57f1"}}
{"__type":"$$EventMessageConfirm","confirm":"c0f3ab1a-2445-4ea0-b2c5-8b0825b8d709","ts":"2026-04-27T15:13:06.918Z","source":{"id":"0","name":"eventBus"}}
{"__type":"$$EventMessageWorkflow","id":"d71c594e-f17c-448b-bb10-0a93819e731c","ts":"2026-04-27T15:13:06.919Z","eventName":"n8n.workflow.success","message":"n8n.workflow.success","payload":{"executionId":"33","success":true,"isManual":false,"mode":"webhook","workflowId":"3GimhohvRxVVxDNY","workflowName":"vonage-shoe-store-audio-bot"}}
{"__type":"$$EventMessageConfirm","confirm":"d71c594e-f17c-448b-bb10-0a93819e731c","ts":"2026-04-27T15:13:06.919Z","source":{"id":"0","name":"eventBus"}}
