{"__type":"$$EventMessageAudit","id":"12de51cd-c25c-4767-9303-c690c8585e8e","ts":"2026-04-24T14:00:30.628Z","eventName":"n8n.audit.workflow.executed","message":"n8n.audit.workflow.executed","payload":{"workflowId":"wB5D7uYF3yuHvEfw","workflowName":"vonage-shoe-store-audio-bot","executionId":"25","source":"webhook"}}
{"__type":"$$EventMessageConfirm","confirm":"12de51cd-c25c-4767-9303-c690c8585e8e","ts":"2026-04-24T14:00:30.629Z","source":{"id":"0","name":"eventBus"}}
{"__type":"$$EventMessageWorkflow","id":"d21e075c-c707-4862-af04-9c1ab4544a44","ts":"2026-04-24T14:00:30.629Z","eventName":"n8n.workflow.started","message":"n8n.workflow.started","payload":{"executionId":"25","workflowId":"wB5D7uYF3yuHvEfw","isManual":false,"mode":"webhook","workflowName":"vonage-shoe-store-audio-bot"}}
{"__type":"$$EventMessageConfirm","confirm":"d21e075c-c707-4862-af04-9c1ab4544a44","ts":"2026-04-24T14:00:30.629Z","source":{"id":"0","name":"eventBus"}}
{"__type":"$$EventMessageNode","id":"7bfc411d-e28f-4689-8352-671736aeea15","ts":"2026-04-24T14:00:30.629Z","eventName":"n8n.node.started","message":"n8n.node.started","payload":{"workflowId":"wB5D7uYF3yuHvEfw","workflowName":"vonage-shoe-store-audio-bot","executionId":"25","nodeType":"n8n-nodes-base.webhook","nodeName":"Webhook SMS","nodeId":"160a3b02-51d3-49cb-8d65-470cca2ac144"}}
{"__type":"$$EventMessageConfirm","confirm":"7bfc411d-e28f-4689-8352-671736aeea15","ts":"2026-04-24T14:00:30.629Z","source":{"id":"0","name":"eventBus"}}
{"__type":"$$EventMessageNode","id":"3dbd5e8d-a79e-436f-9d58-22eb4e8629d4","ts":"2026-04-24T14:00:30.630Z","eventName":"n8n.node.finished","message":"n8n.node.finished","payload":{"workflowId":"wB5D7uYF3yuHvEfw","workflowName":"vonage-shoe-store-audio-bot","executionId":"25","nodeType":"n8n-nodes-base.webhook","nodeName":"Webhook SMS","nodeId":"160a3b02-51d3-49cb-8d65-470cca2ac144"}}
{"__type":"$$EventMessageConfirm","confirm":"3dbd5e8d-a79e-436f-9d58-22eb4e8629d4","ts":"2026-04-24T14:00:30.630Z","source":{"id":"0","name":"eventBus"}}
{"__type":"$$EventMessageNode","id":"c9912536-197b-4f1f-a64d-4fa37359d7e9","ts":"2026-04-24T14:00:30.630Z","eventName":"n8n.node.started","message":"n8n.node.started","payload":{"workflowId":"wB5D7uYF3yuHvEfw","workflowName":"vonage-shoe-store-audio-bot","executionId":"25","nodeType":"n8n-nodes-base.httpRequest","nodeName":"Send SMS via Vonage","nodeId":"23bb2b6c-cf62-46b7-940d-75b321407697"}}
{"__type":"$$EventMessageConfirm","confirm":"c9912536-197b-4f1f-a64d-4fa37359d7e9","ts":"2026-04-24T14:00:30.630Z","source":{"id":"0","name":"eventBus"}}
{"__type":"$$EventMessageNode","id":"d4acc6bc-29dd-4af3-803c-4a1a36583f64","ts":"2026-04-24T14:00:30.641Z","eventName":"n8n.node.finished","message":"n8n.node.finished","payload":{"workflowId":"wB5D7uYF3yuHvEfw","workflowName":"vonage-shoe-store-audio-bot","executionId":"25","nodeType":"n8n-nodes-base.httpRequest","nodeName":"Send SMS via Vonage","nodeId":"23bb2b6c-cf62-46b7-940d-75b321407697"}}
{"__type":"$$EventMessageConfirm","confirm":"d4acc6bc-29dd-4af3-803c-4a1a36583f64","ts":"2026-04-24T14:00:30.641Z","source":{"id":"0","name":"eventBus"}}
{"__type":"$$EventMessageWorkflow","id":"275adf6e-89a6-4e4f-8820-32fe4eae152c","ts":"2026-04-24T14:00:30.642Z","eventName":"n8n.workflow.failed","message":"n8n.workflow.failed","payload":{"executionId":"25","success":false,"isManual":false,"mode":"webhook","workflowId":"wB5D7uYF3yuHvEfw","workflowName":"vonage-shoe-store-audio-bot","lastNodeExecuted":"Send SMS via Vonage","errorMessage":"access to env vars denied"}}
{"__type":"$$EventMessageConfirm","confirm":"275adf6e-89a6-4e4f-8820-32fe4eae152c","ts":"2026-04-24T14:00:30.642Z","source":{"id":"0","name":"eventBus"}}
{"__type":"$$EventMessageAudit","id":"5a19f067-3209-4224-b4da-12c8453b48ba","ts":"2026-04-24T17:05:31.197Z","eventName":"n8n.audit.workflow.executed","message":"n8n.audit.workflow.executed","payload":{"workflowId":"wB5D7uYF3yuHvEfw","workflowName":"vonage-shoe-store-audio-bot","executionId":"26","source":"webhook"}}
{"__type":"$$EventMessageConfirm","confirm":"5a19f067-3209-4224-b4da-12c8453b48ba","ts":"2026-04-24T17:05:31.197Z","source":{"id":"0","name":"eventBus"}}
{"__type":"$$EventMessageWorkflow","id":"7e8d5b70-541a-4639-9eda-7d9334dc4119","ts":"2026-04-24T17:05:31.198Z","eventName":"n8n.workflow.started","message":"n8n.workflow.started","payload":{"executionId":"26","workflowId":"wB5D7uYF3yuHvEfw","isManual":false,"mode":"webhook","workflowName":"vonage-shoe-store-audio-bot"}}
{"__type":"$$EventMessageConfirm","confirm":"7e8d5b70-541a-4639-9eda-7d9334dc4119","ts":"2026-04-24T17:05:31.198Z","source":{"id":"0","name":"eventBus"}}
{"__type":"$$EventMessageNode","id":"5e48e9d3-2499-479d-9aaf-38c34da49fa6","ts":"2026-04-24T17:05:31.198Z","eventName":"n8n.node.started","message":"n8n.node.started","payload":{"workflowId":"wB5D7uYF3yuHvEfw","workflowName":"vonage-shoe-store-audio-bot","executionId":"26","nodeType":"n8n-nodes-base.webhook","nodeName":"Webhook Inventory","nodeId":"1589baa3-e127-4f59-baa7-d62966a38710"}}
{"__type":"$$EventMessageConfirm","confirm":"5e48e9d3-2499-479d-9aaf-38c34da49fa6","ts":"2026-04-24T17:05:31.198Z","source":{"id":"0","name":"eventBus"}}
{"__type":"$$EventMessageNode","id":"4ec770e5-43ad-429c-8f5e-df14105c4b01","ts":"2026-04-24T17:05:31.198Z","eventName":"n8n.node.finished","message":"n8n.node.finished","payload":{"workflowId":"wB5D7uYF3yuHvEfw","workflowName":"vonage-shoe-store-audio-bot","executionId":"26","nodeType":"n8n-nodes-base.webhook","nodeName":"Webhook Inventory","nodeId":"1589baa3-e127-4f59-baa7-d62966a38710"}}
{"__type":"$$EventMessageConfirm","confirm":"4ec770e5-43ad-429c-8f5e-df14105c4b01","ts":"2026-04-24T17:05:31.198Z","source":{"id":"0","name":"eventBus"}}
{"__type":"$$EventMessageNode","id":"a3777d0c-f65d-4e5a-8cd7-0974123a5223","ts":"2026-04-24T17:05:31.198Z","eventName":"n8n.node.started","message":"n8n.node.started","payload":{"workflowId":"wB5D7uYF3yuHvEfw","workflowName":"vonage-shoe-store-audio-bot","executionId":"26","nodeType":"n8n-nodes-base.code","nodeName":"Code Inventory","nodeId":"19e96d4f-8ddd-4743-a9cf-4f42467af305"}}
{"__type":"$$EventMessageConfirm","confirm":"a3777d0c-f65d-4e5a-8cd7-0974123a5223","ts":"2026-04-24T17:05:31.198Z","source":{"id":"0","name":"eventBus"}}
{"__type":"$$EventMessageRunner","id":"a8371304-6009-48b7-b1f2-6c1f1aae2eb7","ts":"2026-04-24T17:05:31.203Z","eventName":"n8n.runner.task.requested","message":"n8n.runner.task.requested","payload":{"taskId":"JDMzMPdE","nodeId":"19e96d4f-8ddd-4743-a9cf-4f42467af305","workflowId":"wB5D7uYF3yuHvEfw","executionId":"26"}}
{"__type":"$$EventMessageConfirm","confirm":"a8371304-6009-48b7-b1f2-6c1f1aae2eb7","ts":"2026-04-24T17:05:31.204Z","source":{"id":"0","name":"eventBus"}}
{"__type":"$$EventMessageRunner","id":"d6849798-1e7f-436c-b713-7a4029859bc3","ts":"2026-04-24T17:05:31.255Z","eventName":"n8n.runner.response.received","message":"n8n.runner.response.received","payload":{"taskId":"JDMzMPdE","nodeId":"19e96d4f-8ddd-4743-a9cf-4f42467af305","workflowId":"wB5D7uYF3yuHvEfw","executionId":"26"}}
{"__type":"$$EventMessageConfirm","confirm":"d6849798-1e7f-436c-b713-7a4029859bc3","ts":"2026-04-24T17:05:31.255Z","source":{"id":"0","name":"eventBus"}}
{"__type":"$$EventMessageNode","id":"c63814f2-7ae8-4b6a-92d0-b4f097fa465c","ts":"2026-04-24T17:05:31.255Z","eventName":"n8n.node.finished","message":"n8n.node.finished","payload":{"workflowId":"wB5D7uYF3yuHvEfw","workflowName":"vonage-shoe-store-audio-bot","executionId":"26","nodeType":"n8n-nodes-base.code","nodeName":"Code Inventory","nodeId":"19e96d4f-8ddd-4743-a9cf-4f42467af305"}}
{"__type":"$$EventMessageConfirm","confirm":"c63814f2-7ae8-4b6a-92d0-b4f097fa465c","ts":"2026-04-24T17:05:31.255Z","source":{"id":"0","name":"eventBus"}}
{"__type":"$$EventMessageNode","id":"90aafc6e-053c-4f29-974c-0c8f65414a4b","ts":"2026-04-24T17:05:31.255Z","eventName":"n8n.node.started","message":"n8n.node.started","payload":{"workflowId":"wB5D7uYF3yuHvEfw","workflowName":"vonage-shoe-store-audio-bot","executionId":"26","nodeType":"n8n-nodes-base.respondToWebhook","nodeName":"Respond Inventory","nodeId":"e0b2c4f7-544a-4e6e-a05d-a628507faff1"}}
{"__type":"$$EventMessageConfirm","confirm":"90aafc6e-053c-4f29-974c-0c8f65414a4b","ts":"2026-04-24T17:05:31.255Z","source":{"id":"0","name":"eventBus"}}
{"__type":"$$EventMessageNode","id":"3ae2859a-b0fe-4293-960d-b2848f1639b1","ts":"2026-04-24T17:05:31.261Z","eventName":"n8n.node.finished","message":"n8n.node.finished","payload":{"workflowId":"wB5D7uYF3yuHvEfw","workflowName":"vonage-shoe-store-audio-bot","executionId":"26","nodeType":"n8n-nodes-base.respondToWebhook","nodeName":"Respond Inventory","nodeId":"e0b2c4f7-544a-4e6e-a05d-a628507faff1"}}
{"__type":"$$EventMessageConfirm","confirm":"3ae2859a-b0fe-4293-960d-b2848f1639b1","ts":"2026-04-24T17:05:31.261Z","source":{"id":"0","name":"eventBus"}}
{"__type":"$$EventMessageWorkflow","id":"77a766a7-adf2-4aae-9b44-277ff77244a5","ts":"2026-04-24T17:05:31.262Z","eventName":"n8n.workflow.success","message":"n8n.workflow.success","payload":{"executionId":"26","success":true,"isManual":false,"mode":"webhook","workflowId":"wB5D7uYF3yuHvEfw","workflowName":"vonage-shoe-store-audio-bot"}}
{"__type":"$$EventMessageConfirm","confirm":"77a766a7-adf2-4aae-9b44-277ff77244a5","ts":"2026-04-24T17:05:31.262Z","source":{"id":"0","name":"eventBus"}}
{"__type":"$$EventMessageAudit","id":"494af60a-8ec7-4a29-9281-41f476c3d726","ts":"2026-04-24T17:05:32.726Z","eventName":"n8n.audit.workflow.executed","message":"n8n.audit.workflow.executed","payload":{"workflowId":"wB5D7uYF3yuHvEfw","workflowName":"vonage-shoe-store-audio-bot","executionId":"27","source":"webhook"}}
{"__type":"$$EventMessageConfirm","confirm":"494af60a-8ec7-4a29-9281-41f476c3d726","ts":"2026-04-24T17:05:32.726Z","source":{"id":"0","name":"eventBus"}}
{"__type":"$$EventMessageWorkflow","id":"e9f5ca9d-c9bf-4f7c-ac24-45b838286c02","ts":"2026-04-24T17:05:32.726Z","eventName":"n8n.workflow.started","message":"n8n.workflow.started","payload":{"executionId":"27","workflowId":"wB5D7uYF3yuHvEfw","isManual":false,"mode":"webhook","workflowName":"vonage-shoe-store-audio-bot"}}
{"__type":"$$EventMessageConfirm","confirm":"e9f5ca9d-c9bf-4f7c-ac24-45b838286c02","ts":"2026-04-24T17:05:32.726Z","source":{"id":"0","name":"eventBus"}}
{"__type":"$$EventMessageNode","id":"4269b8f6-1b1a-4557-a443-0162bbc59f2b","ts":"2026-04-24T17:05:32.727Z","eventName":"n8n.node.started","message":"n8n.node.started","payload":{"workflowId":"wB5D7uYF3yuHvEfw","workflowName":"vonage-shoe-store-audio-bot","executionId":"27","nodeType":"n8n-nodes-base.webhook","nodeName":"Webhook SMS","nodeId":"160a3b02-51d3-49cb-8d65-470cca2ac144"}}
{"__type":"$$EventMessageConfirm","confirm":"4269b8f6-1b1a-4557-a443-0162bbc59f2b","ts":"2026-04-24T17:05:32.727Z","source":{"id":"0","name":"eventBus"}}
{"__type":"$$EventMessageNode","id":"19afdfc5-5bef-4157-ab2e-cbe79b012f5f","ts":"2026-04-24T17:05:32.727Z","eventName":"n8n.node.finished","message":"n8n.node.finished","payload":{"workflowId":"wB5D7uYF3yuHvEfw","workflowName":"vonage-shoe-store-audio-bot","executionId":"27","nodeType":"n8n-nodes-base.webhook","nodeName":"Webhook SMS","nodeId":"160a3b02-51d3-49cb-8d65-470cca2ac144"}}
{"__type":"$$EventMessageConfirm","confirm":"19afdfc5-5bef-4157-ab2e-cbe79b012f5f","ts":"2026-04-24T17:05:32.727Z","source":{"id":"0","name":"eventBus"}}
{"__type":"$$EventMessageNode","id":"78fe41e4-1ba5-4b92-a6ac-5d12cd9a8c80","ts":"2026-04-24T17:05:32.727Z","eventName":"n8n.node.started","message":"n8n.node.started","payload":{"workflowId":"wB5D7uYF3yuHvEfw","workflowName":"vonage-shoe-store-audio-bot","executionId":"27","nodeType":"n8n-nodes-base.httpRequest","nodeName":"Send SMS via Vonage","nodeId":"23bb2b6c-cf62-46b7-940d-75b321407697"}}
{"__type":"$$EventMessageConfirm","confirm":"78fe41e4-1ba5-4b92-a6ac-5d12cd9a8c80","ts":"2026-04-24T17:05:32.727Z","source":{"id":"0","name":"eventBus"}}
{"__type":"$$EventMessageNode","id":"2e18d3e8-dc7d-465e-b8af-a59aa6425575","ts":"2026-04-24T17:05:32.728Z","eventName":"n8n.node.finished","message":"n8n.node.finished","payload":{"workflowId":"wB5D7uYF3yuHvEfw","workflowName":"vonage-shoe-store-audio-bot","executionId":"27","nodeType":"n8n-nodes-base.httpRequest","nodeName":"Send SMS via Vonage","nodeId":"23bb2b6c-cf62-46b7-940d-75b321407697"}}
{"__type":"$$EventMessageConfirm","confirm":"2e18d3e8-dc7d-465e-b8af-a59aa6425575","ts":"2026-04-24T17:05:32.728Z","source":{"id":"0","name":"eventBus"}}
{"__type":"$$EventMessageWorkflow","id":"0ef4eaf3-5459-43a6-a782-797b1c82d94c","ts":"2026-04-24T17:05:32.728Z","eventName":"n8n.workflow.failed","message":"n8n.workflow.failed","payload":{"executionId":"27","success":false,"isManual":false,"mode":"webhook","workflowId":"wB5D7uYF3yuHvEfw","workflowName":"vonage-shoe-store-audio-bot","lastNodeExecuted":"Send SMS via Vonage","errorMessage":"access to env vars denied"}}
{"__type":"$$EventMessageConfirm","confirm":"0ef4eaf3-5459-43a6-a782-797b1c82d94c","ts":"2026-04-24T17:05:32.728Z","source":{"id":"0","name":"eventBus"}}
